============================= test session starts =============================
platform win32 -- Python 3.11.9, pytest-7.4.4, pluggy-1.6.0
rootdir: E:\BlockScope
configfile: pytest.ini
plugins: anyio-4.12.1, Faker-22.4.0, asyncio-0.23.3, cov-4.1.0, mock-3.12.0
asyncio: mode=Mode.STRICT
collected 70 items

backend\tests\test_database.py ......                                    [  8%]
backend\tests\test_e2e.py ..........                                     [ 22%]
backend\tests\test_models.py .F...                                       [ 30%]
backend\tests\test_orchestrator_unit.py .....                            [ 37%]
backend\tests\test_scanner.py ......                                     [ 45%]
backend\tests\test_slither_wrapper.py ........                           [ 57%]
backend\tests\test_utils.py ....                                         [ 62%]
backend\tests\integration\test_database_integration.py F.                [ 65%]
backend\tests\integration\test_error_recovery.py F..                     [ 70%]
backend\tests\integration\test_full_scan_flow.py FFFF.                   [ 77%]
backend\tests\integration\test_slither_integration.py F.                 [ 80%]
backend\tests\test_api\test_health_endpoint.py ....                      [ 85%]
backend\tests\test_api\test_scan_endpoint.py .F....FF..E                 [100%]

=================================== ERRORS ====================================
_________________ ERROR at teardown of test_concurrent_scans __________________
backend\tests\conftest.py:52: in test_engine
    try:
D:\python\python311\Lib\pathlib.py:1147: in unlink
    os.unlink(self)
E   PermissionError: [WinError 32] The process cannot access the file because it is being used by another process: 'test.db'
---------------------------- Captured stdout call -----------------------------
[SCAN] Starting analysis for: c0.sol\n\u274c Error parsing contract: Invalid compilation: \n\nSolidity version not found:\nSTDOUT:\n\nSTDERR:\nTraceback (most recent call last):\r\n  File "<frozen runpy>", line 198, in _run_module_as_main\r\n  File "<frozen runpy>", line 88, in _run_code\r\n  File "D:\\python\\python311\\Scripts\\solc.EXE\\__main__.py", line 6, in <module>\r\n  File "D:\\python\\python311\\Lib\\site-packages\\solc_select\\__main__.py", line 92, in solc\r\n    switch_global_version(version="latest", always_install=True, silent=True)\r\n  File "D:\\python\\python311\\Lib\\site-packages\\solc_select\\solc_select.py", line 207, in switch_global_version\r\n    version = get_latest_release()\r\n              ^^^^^^^^^^^^^^^^^^^^\r\n  File "D:\\python\\python311\\Lib\\site-packages\\solc_select\\solc_select.py", line 289, in get_latest_release\r\n    list_json = urllib.request.urlopen(list_url).read()\r\n                ^^^^^^^^^^^^^^^^^^^^^^^^^^^^^^^^\r\n  File "D:\\python\\python311\\Lib\\urllib\\request.py", line 216, in urlopen\r\n    return opener.open(url, data, timeout)\r\n           ^^^^^^^^^^^^^^^^^^^^^^^^^^^^^^^\r\n  File "D:\\python\\python311\\Lib\\urllib\\request.py", line 525, in open\r\n    response = meth(req, response)\r\n               ^^^^^^^^^^^^^^^^^^^\r\n  File "D:\\python\\python311\\Lib\\urllib\\request.py", line 634, in http_response\r\n    response = self.parent.error(\r\n               ^^^^^^^^^^^^^^^^^^\r\n  File "D:\\python\\python311\\Lib\\urllib\\request.py", line 563, in error\r\n    return self._call_chain(*args)\r\n           ^^^^^^^^^^^^^^^^^^^^^^^\r\n  File "D:\\python\\python311\\Lib\\urllib\\request.py", line 496, in _call_chain\r\n    result = func(*args)\r\n             ^^^^^^^^^^^\r\n  File "D:\\python\\python311\\Lib\\urllib\\request.py", line 643, in http_error_default\r\n    raise HTTPError(req.full_url, code, msg, hdrs, fp)\r\nurllib.error.HTTPError: HTTP Error 403: Forbidden\r\n\n   [WARNING] Slither analysis failed: Invalid compilation: \n\nSolidity version not found:\nSTDOUT:\n\nSTDERR:\nTraceback (most recent call last):\r\n  File "<frozen runpy>", line 198, in _run_module_as_main\r\n  File "<frozen runpy>", line 88, in _run_code\r\n  File "D:\\python\\python311\\Scripts\\solc.EXE\\__main__.py", line 6, in <module>\r\n  File "D:\\python\\python311\\Lib\\site-packages\\solc_select\\__main__.py", line 92, in solc\r\n    switch_global_version(version="latest", always_install=True, silent=True)\r\n  File "D:\\python\\python311\\Lib\\site-packages\\solc_select\\solc_select.py", line 207, in switch_global_version\r\n    version = get_latest_release()\r\n              ^^^^^^^^^^^^^^^^^^^^\r\n  File "D:\\python\\python311\\Lib\\site-packages\\solc_select\\solc_select.py", line 289, in get_latest_release\r\n    list_json = urllib.request.urlopen(list_url).read()\r\n                ^^^^^^^^^^^^^^^^^^^^^^^^^^^^^^^^\r\n  File "D:\\python\\python311\\Lib\\urllib\\request.py", line 216, in urlopen\r\n    return opener.open(url, data, timeout)\r\n           ^^^^^^^^^^^^^^^^^^^^^^^^^^^^^^^\r\n  File "D:\\python\\python311\\Lib\\urllib\\request.py", line 525, in open\r\n    response = meth(req, response)\r\n               ^^^^^^^^^^^^^^^^^^^\r\n  File "D:\\python\\python311\\Lib\\urllib\\request.py", line 634, in http_response\r\n    response = self.parent.error(\r\n               ^^^^^^^^^^^^^^^^^^\r\n  File "D:\\python\\python311\\Lib\\urllib\\request.py", line 563, in error\r\n    return self._call_chain(*args)\r\n           ^^^^^^^^^^^^^^^^^^^^^^^\r\n  File "D:\\python\\python311\\Lib\\urllib\\request.py", line 496, in _call_chain\r\n    result = func(*args)\r\n             ^^^^^^^^^^^\r\n  File "D:\\python\\python311\\Lib\\urllib\\request.py", line 643, in http_error_default\r\n    raise HTTPError(req.full_url, code, msg, hdrs, fp)\r\nurllib.error.HTTPError: HTTP Error 403: Forbidden\r\n\n   [OK] Slither found 0 issues\n\u274c Error parsing contract: Invalid compilation: \n\nSolidity version not found:\nSTDOUT:\n\nSTDERR:\nTraceback (most recent call last):\r\n  File "<frozen runpy>", line 198, in _run_module_as_main\r\n  File "<frozen runpy>", line 88, in _run_code\r\n  File "D:\\python\\python311\\Scripts\\solc.EXE\\__main__.py", line 6, in <module>\r\n  File "D:\\python\\python311\\Lib\\site-packages\\solc_select\\__main__.py", line 92, in solc\r\n    switch_global_version(version="latest", always_install=True, silent=True)\r\n  File "D:\\python\\python311\\Lib\\site-packages\\solc_select\\solc_select.py", line 207, in switch_global_version\r\n    version = get_latest_release()\r\n              ^^^^^^^^^^^^^^^^^^^^\r\n  File "D:\\python\\python311\\Lib\\site-packages\\solc_select\\solc_select.py", line 289, in get_latest_release\r\n    list_json = urllib.request.urlopen(list_url).read()\r\n                ^^^^^^^^^^^^^^^^^^^^^^^^^^^^^^^^\r\n  File "D:\\python\\python311\\Lib\\urllib\\request.py", line 216, in urlopen\r\n    return opener.open(url, data, timeout)\r\n           ^^^^^^^^^^^^^^^^^^^^^^^^^^^^^^^\r\n  File "D:\\python\\python311\\Lib\\urllib\\request.py", line 525, in open\r\n    response = meth(req, response)\r\n               ^^^^^^^^^^^^^^^^^^^\r\n  File "D:\\python\\python311\\Lib\\urllib\\request.py", line 634, in http_response\r\n    response = self.parent.error(\r\n               ^^^^^^^^^^^^^^^^^^\r\n  File "D:\\python\\python311\\Lib\\urllib\\request.py", line 563, in error\r\n    return self._call_chain(*args)\r\n           ^^^^^^^^^^^^^^^^^^^^^^^\r\n  File "D:\\python\\python311\\Lib\\urllib\\request.py", line 496, in _call_chain\r\n    result = func(*args)\r\n             ^^^^^^^^^^^\r\n  File "D:\\python\\python311\\Lib\\urllib\\request.py", line 643, in http_error_default\r\n    raise HTTPError(req.full_url, code, msg, hdrs, fp)\r\nurllib.error.HTTPError: HTTP Error 403: Forbidden\r\n\n   [WARNING] AST parsing failed: Invalid compilation: \n\nSolidity version not found:\nSTDOUT:\n\nSTDERR:\nTraceback (most recent call last):\r\n  File "<frozen runpy>", line 198, in _run_module_as_main\r\n  File "<frozen runpy>", line 88, in _run_code\r\n  File "D:\\python\\python311\\Scripts\\solc.EXE\\__main__.py", line 6, in <module>\r\n  File "D:\\python\\python311\\Lib\\site-packages\\solc_select\\__main__.py", line 92, in solc\r\n    switch_global_version(version="latest", always_install=True, silent=True)\r\n  File "D:\\python\\python311\\Lib\\site-packages\\solc_select\\solc_select.py", line 207, in switch_global_version\r\n    version = get_latest_release()\r\n              ^^^^^^^^^^^^^^^^^^^^\r\n  File "D:\\python\\python311\\Lib\\site-packages\\solc_select\\solc_select.py", line 289, in get_latest_release\r\n    list_json = urllib.request.urlopen(list_url).read()\r\n                ^^^^^^^^^^^^^^^^^^^^^^^^^^^^^^^^\r\n  File "D:\\python\\python311\\Lib\\urllib\\request.py", line 216, in urlopen\r\n    return opener.open(url, data, timeout)\r\n           ^^^^^^^^^^^^^^^^^^^^^^^^^^^^^^^\r\n  File "D:\\python\\python311\\Lib\\urllib\\request.py", line 525, in open\r\n    response = meth(req, response)\r\n               ^^^^^^^^^^^^^^^^^^^\r\n  File "D:\\python\\python311\\Lib\\urllib\\request.py", line 634, in http_response\r\n    response = self.parent.error(\r\n               ^^^^^^^^^^^^^^^^^^\r\n  File "D:\\python\\python311\\Lib\\urllib\\request.py", line 563, in error\r\n    return self._call_chain(*args)\r\n           ^^^^^^^^^^^^^^^^^^^^^^^\r\n  File "D:\\python\\python311\\Lib\\urllib\\request.py", line 496, in _call_chain\r\n    result = func(*args)\r\n             ^^^^^^^^^^^\r\n  File "D:\\python\\python311\\Lib\\urllib\\request.py", line 643, in http_error_default\r\n    raise HTTPError(req.full_url, code, msg, hdrs, fp)\r\nurllib.error.HTTPError: HTTP Error 403: Forbidden\r\n\n   [OK] Rules found 0 issues\n   [OK] Total unique findings: 0\n[DONE] Analysis complete: No vulnerabilities found - SAFE [OK]\n[SCAN] Starting analysis for: c1.sol\n\u274c Error parsing contract: Invalid compilation: \n\nSolidity version not found:\nSTDOUT:\n\nSTDERR:\nTraceback (most recent call last):\r\n  File "<frozen runpy>", line 198, in _run_module_as_main\r\n  File "<frozen runpy>", line 88, in _run_code\r\n  File "D:\\python\\python311\\Scripts\\solc.EXE\\__main__.py", line 6, in <module>\r\n  File "D:\\python\\python311\\Lib\\site-packages\\solc_select\\__main__.py", line 92, in solc\r\n    switch_global_version(version="latest", always_install=True, silent=True)\r\n  File "D:\\python\\python311\\Lib\\site-packages\\solc_select\\solc_select.py", line 207, in switch_global_version\r\n    version = get_latest_release()\r\n              ^^^^^^^^^^^^^^^^^^^^\r\n  File "D:\\python\\python311\\Lib\\site-packages\\solc_select\\solc_select.py", line 289, in get_latest_release\r\n    list_json = urllib.request.urlopen(list_url).read()\r\n                ^^^^^^^^^^^^^^^^^^^^^^^^^^^^^^^^\r\n  File "D:\\python\\python311\\Lib\\urllib\\request.py", line 216, in urlopen\r\n    return opener.open(url, data, timeout)\r\n           ^^^^^^^^^^^^^^^^^^^^^^^^^^^^^^^\r\n  File "D:\\python\\python311\\Lib\\urllib\\request.py", line 525, in open\r\n    response = meth(req, response)\r\n               ^^^^^^^^^^^^^^^^^^^\r\n  File "D:\\python\\python311\\Lib\\urllib\\request.py", line 634, in http_response\r\n    response = self.parent.error(\r\n               ^^^^^^^^^^^^^^^^^^\r\n  File "D:\\python\\python311\\Lib\\urllib\\request.py", line 563, in error\r\n    return self._call_chain(*args)\r\n           ^^^^^^^^^^^^^^^^^^^^^^^\r\n  File "D:\\python\\python311\\Lib\\urllib\\request.py", line 496, in _call_chain\r\n    result = func(*args)\r\n             ^^^^^^^^^^^\r\n  File "D:\\python\\python311\\Lib\\urllib\\request.py", line 643, in http_error_default\r\n    raise HTTPError(req.full_url, code, msg, hdrs, fp)\r\nurllib.error.HTTPError: HTTP Error 403: Forbidden\r\n\n   [WARNING] Slither analysis failed: Invalid compilation: \n\nSolidity version not found:\nSTDOUT:\n\nSTDERR:\nTraceback (most recent call last):\r\n  File "<frozen runpy>", line 198, in _run_module_as_main\r\n  File "<frozen runpy>", line 88, in _run_code\r\n  File "D:\\python\\python311\\Scripts\\solc.EXE\\__main__.py", line 6, in <module>\r\n  File "D:\\python\\python311\\Lib\\site-packages\\solc_select\\__main__.py", line 92, in solc\r\n    switch_global_version(version="latest", always_install=True, silent=True)\r\n  File "D:\\python\\python311\\Lib\\site-packages\\solc_select\\solc_select.py", line 207, in switch_global_version\r\n    version = get_latest_release()\r\n              ^^^^^^^^^^^^^^^^^^^^\r\n  File "D:\\python\\python311\\Lib\\site-packages\\solc_select\\solc_select.py", line 289, in get_latest_release\r\n    list_json = urllib.request.urlopen(list_url).read()\r\n                ^^^^^^^^^^^^^^^^^^^^^^^^^^^^^^^^\r\n  File "D:\\python\\python311\\Lib\\urllib\\request.py", line 216, in urlopen\r\n    return opener.open(url, data, timeout)\r\n           ^^^^^^^^^^^^^^^^^^^^^^^^^^^^^^^\r\n  File "D:\\python\\python311\\Lib\\urllib\\request.py", line 525, in open\r\n    response = meth(req, response)\r\n               ^^^^^^^^^^^^^^^^^^^\r\n  File "D:\\python\\python311\\Lib\\urllib\\request.py", line 634, in http_response\r\n    response = self.parent.error(\r\n               ^^^^^^^^^^^^^^^^^^\r\n  File "D:\\python\\python311\\Lib\\urllib\\request.py", line 563, in error\r\n    return self._call_chain(*args)\r\n           ^^^^^^^^^^^^^^^^^^^^^^^\r\n  File "D:\\python\\python311\\Lib\\urllib\\request.py", line 496, in _call_chain\r\n    result = func(*args)\r\n             ^^^^^^^^^^^\r\n  File "D:\\python\\python311\\Lib\\urllib\\request.py", line 643, in http_error_default\r\n    raise HTTPError(req.full_url, code, msg, hdrs, fp)\r\nurllib.error.HTTPError: HTTP Error 403: Forbidden\r\n\n   [OK] Slither found 0 issues\n\u274c Error parsing contract: Invalid compilation: \n\nSolidity version not found:\nSTDOUT:\n\nSTDERR:\nTraceback (most recent call last):\r\n  File "<frozen runpy>", line 198, in _run_module_as_main\r\n  File "<frozen runpy>", line 88, in _run_code\r\n  File "D:\\python\\python311\\Scripts\\solc.EXE\\__main__.py", line 6, in <module>\r\n  File "D:\\python\\python311\\Lib\\site-packages\\solc_select\\__main__.py", line 92, in solc\r\n    switch_global_version(version="latest", always_install=True, silent=True)\r\n  File "D:\\python\\python311\\Lib\\site-packages\\solc_select\\solc_select.py", line 207, in switch_global_version\r\n    version = get_latest_release()\r\n              ^^^^^^^^^^^^^^^^^^^^\r\n  File "D:\\python\\python311\\Lib\\site-packages\\solc_select\\solc_select.py", line 289, in get_latest_release\r\n    list_json = urllib.request.urlopen(list_url).read()\r\n                ^^^^^^^^^^^^^^^^^^^^^^^^^^^^^^^^\r\n  File "D:\\python\\python311\\Lib\\urllib\\request.py", line 216, in urlopen\r\n    return opener.open(url, data, timeout)\r\n           ^^^^^^^^^^^^^^^^^^^^^^^^^^^^^^^\r\n  File "D:\\python\\python311\\Lib\\urllib\\request.py", line 525, in open\r\n    response = meth(req, response)\r\n               ^^^^^^^^^^^^^^^^^^^\r\n  File "D:\\python\\python311\\Lib\\urllib\\request.py", line 634, in http_response\r\n    response = self.parent.error(\r\n               ^^^^^^^^^^^^^^^^^^\r\n  File "D:\\python\\python311\\Lib\\urllib\\request.py", line 563, in error\r\n    return self._call_chain(*args)\r\n           ^^^^^^^^^^^^^^^^^^^^^^^\r\n  File "D:\\python\\python311\\Lib\\urllib\\request.py", line 496, in _call_chain\r\n    result = func(*args)\r\n             ^^^^^^^^^^^\r\n  File "D:\\python\\python311\\Lib\\urllib\\request.py", line 643, in http_error_default\r\n    raise HTTPError(req.full_url, code, msg, hdrs, fp)\r\nurllib.error.HTTPError: HTTP Error 403: Forbidden\r\n\n   [WARNING] AST parsing failed: Invalid compilation: \n\nSolidity version not found:\nSTDOUT:\n\nSTDERR:\nTraceback (most recent call last):\r\n  File "<frozen runpy>", line 198, in _run_module_as_main\r\n  File "<frozen runpy>", line 88, in _run_code\r\n  File "D:\\python\\python311\\Scripts\\solc.EXE\\__main__.py", line 6, in <module>\r\n  File "D:\\python\\python311\\Lib\\site-packages\\solc_select\\__main__.py", line 92, in solc\r\n    switch_global_version(version="latest", always_install=True, silent=True)\r\n  File "D:\\python\\python311\\Lib\\site-packages\\solc_select\\solc_select.py", line 207, in switch_global_version\r\n    version = get_latest_release()\r\n              ^^^^^^^^^^^^^^^^^^^^\r\n  File "D:\\python\\python311\\Lib\\site-packages\\solc_select\\solc_select.py", line 289, in get_latest_release\r\n    list_json = urllib.request.urlopen(list_url).read()\r\n                ^^^^^^^^^^^^^^^^^^^^^^^^^^^^^^^^\r\n  File "D:\\python\\python311\\Lib\\urllib\\request.py", line 216, in urlopen\r\n    return opener.open(url, data, timeout)\r\n           ^^^^^^^^^^^^^^^^^^^^^^^^^^^^^^^\r\n  File "D:\\python\\python311\\Lib\\urllib\\request.py", line 525, in open\r\n    response = meth(req, response)\r\n               ^^^^^^^^^^^^^^^^^^^\r\n  File "D:\\python\\python311\\Lib\\urllib\\request.py", line 634, in http_response\r\n    response = self.parent.error(\r\n               ^^^^^^^^^^^^^^^^^^\r\n  File "D:\\python\\python311\\Lib\\urllib\\request.py", line 563, in error\r\n    return self._call_chain(*args)\r\n           ^^^^^^^^^^^^^^^^^^^^^^^\r\n  File "D:\\python\\python311\\Lib\\urllib\\request.py", line 496, in _call_chain\r\n    result = func(*args)\r\n             ^^^^^^^^^^^\r\n  File "D:\\python\\python311\\Lib\\urllib\\request.py", line 643, in http_error_default\r\n    raise HTTPError(req.full_url, code, msg, hdrs, fp)\r\nurllib.error.HTTPError: HTTP Error 403: Forbidden\r\n\n   [OK] Rules found 0 issues\n   [OK] Total unique findings: 0\n[DONE] Analysis complete: No vulnerabilities found - SAFE [OK]\n[SCAN] Starting analysis for: c2.sol\n\u274c Error parsing contract: Invalid compilation: \n\nSolidity version not found:\nSTDOUT:\n\nSTDERR:\nTraceback (most recent call last):\r\n  File "<frozen runpy>", line 198, in _run_module_as_main\r\n  File "<frozen runpy>", line 88, in _run_code\r\n  File "D:\\python\\python311\\Scripts\\solc.EXE\\__main__.py", line 6, in <module>\r\n  File "D:\\python\\python311\\Lib\\site-packages\\solc_select\\__main__.py", line 92, in solc\r\n    switch_global_version(version="latest", always_install=True, silent=True)\r\n  File "D:\\python\\python311\\Lib\\site-packages\\solc_select\\solc_select.py", line 207, in switch_global_version\r\n    version = get_latest_release()\r\n              ^^^^^^^^^^^^^^^^^^^^\r\n  File "D:\\python\\python311\\Lib\\site-packages\\solc_select\\solc_select.py", line 289, in get_latest_release\r\n    list_json = urllib.request.urlopen(list_url).read()\r\n                ^^^^^^^^^^^^^^^^^^^^^^^^^^^^^^^^\r\n  File "D:\\python\\python311\\Lib\\urllib\\request.py", line 216, in urlopen\r\n    return opener.open(url, data, timeout)\r\n           ^^^^^^^^^^^^^^^^^^^^^^^^^^^^^^^\r\n  File "D:\\python\\python311\\Lib\\urllib\\request.py", line 525, in open\r\n    response = meth(req, response)\r\n               ^^^^^^^^^^^^^^^^^^^\r\n  File "D:\\python\\python311\\Lib\\urllib\\request.py", line 634, in http_response\r\n    response = self.parent.error(\r\n               ^^^^^^^^^^^^^^^^^^\r\n  File "D:\\python\\python311\\Lib\\urllib\\request.py", line 563, in error\r\n    return self._call_chain(*args)\r\n           ^^^^^^^^^^^^^^^^^^^^^^^\r\n  File "D:\\python\\python311\\Lib\\urllib\\request.py", line 496, in _call_chain\r\n    result = func(*args)\r\n             ^^^^^^^^^^^\r\n  File "D:\\python\\python311\\Lib\\urllib\\request.py", line 643, in http_error_default\r\n    raise HTTPError(req.full_url, code, msg, hdrs, fp)\r\nurllib.error.HTTPError: HTTP Error 403: Forbidden\r\n\n   [WARNING] Slither analysis failed: Invalid compilation: \n\nSolidity version not found:\nSTDOUT:\n\nSTDERR:\nTraceback (most recent call last):\r\n  File "<frozen runpy>", line 198, in _run_module_as_main\r\n  File "<frozen runpy>", line 88, in _run_code\r\n  File "D:\\python\\python311\\Scripts\\solc.EXE\\__main__.py", line 6, in <module>\r\n  File "D:\\python\\python311\\Lib\\site-packages\\solc_select\\__main__.py", line 92, in solc\r\n    switch_global_version(version="latest", always_install=True, silent=True)\r\n  File "D:\\python\\python311\\Lib\\site-packages\\solc_select\\solc_select.py", line 207, in switch_global_version\r\n    version = get_latest_release()\r\n              ^^^^^^^^^^^^^^^^^^^^\r\n  File "D:\\python\\python311\\Lib\\site-packages\\solc_select\\solc_select.py", line 289, in get_latest_release\r\n    list_json = urllib.request.urlopen(list_url).read()\r\n                ^^^^^^^^^^^^^^^^^^^^^^^^^^^^^^^^\r\n  File "D:\\python\\python311\\Lib\\urllib\\request.py", line 216, in urlopen\r\n    return opener.open(url, data, timeout)\r\n           ^^^^^^^^^^^^^^^^^^^^^^^^^^^^^^^\r\n  File "D:\\python\\python311\\Lib\\urllib\\request.py", line 525, in open\r\n    response = meth(req, response)\r\n               ^^^^^^^^^^^^^^^^^^^\r\n  File "D:\\python\\python311\\Lib\\urllib\\request.py", line 634, in http_response\r\n    response = self.parent.error(\r\n               ^^^^^^^^^^^^^^^^^^\r\n  File "D:\\python\\python311\\Lib\\urllib\\request.py", line 563, in error\r\n    return self._call_chain(*args)\r\n           ^^^^^^^^^^^^^^^^^^^^^^^\r\n  File "D:\\python\\python311\\Lib\\urllib\\request.py", line 496, in _call_chain\r\n    result = func(*args)\r\n             ^^^^^^^^^^^\r\n  File "D:\\python\\python311\\Lib\\urllib\\request.py", line 643, in http_error_default\r\n    raise HTTPError(req.full_url, code, msg, hdrs, fp)\r\nurllib.error.HTTPError: HTTP Error 403: Forbidden\r\n\n   [OK] Slither found 0 issues\n\u274c Error parsing contract: Invalid compilation: \n\nSolidity version not found:\nSTDOUT:\n\nSTDERR:\nTraceback (most recent call last):\r\n  File "<frozen runpy>", line 198, in _run_module_as_main\r\n  File "<frozen runpy>", line 88, in _run_code\r\n  File "D:\\python\\python311\\Scripts\\solc.EXE\\__main__.py", line 6, in <module>\r\n  File "D:\\python\\python311\\Lib\\site-packages\\solc_select\\__main__.py", line 92, in solc\r\n    switch_global_version(version="latest", always_install=True, silent=True)\r\n  File "D:\\python\\python311\\Lib\\site-packages\\solc_select\\solc_select.py", line 207, in switch_global_version\r\n    version = get_latest_release()\r\n              ^^^^^^^^^^^^^^^^^^^^\r\n  File "D:\\python\\python311\\Lib\\site-packages\\solc_select\\solc_select.py", line 289, in get_latest_release\r\n    list_json = urllib.request.urlopen(list_url).read()\r\n                ^^^^^^^^^^^^^^^^^^^^^^^^^^^^^^^^\r\n  File "D:\\python\\python311\\Lib\\urllib\\request.py", line 216, in urlopen\r\n    return opener.open(url, data, timeout)\r\n           ^^^^^^^^^^^^^^^^^^^^^^^^^^^^^^^\r\n  File "D:\\python\\python311\\Lib\\urllib\\request.py", line 525, in open\r\n    response = meth(req, response)\r\n               ^^^^^^^^^^^^^^^^^^^\r\n  File "D:\\python\\python311\\Lib\\urllib\\request.py", line 634, in http_response\r\n    response = self.parent.error(\r\n               ^^^^^^^^^^^^^^^^^^\r\n  File "D:\\python\\python311\\Lib\\urllib\\request.py", line 563, in error\r\n    return self._call_chain(*args)\r\n           ^^^^^^^^^^^^^^^^^^^^^^^\r\n  File "D:\\python\\python311\\Lib\\urllib\\request.py", line 496, in _call_chain\r\n    result = func(*args)\r\n             ^^^^^^^^^^^\r\n  File "D:\\python\\python311\\Lib\\urllib\\request.py", line 643, in http_error_default\r\n    raise HTTPError(req.full_url, code, msg, hdrs, fp)\r\nurllib.error.HTTPError: HTTP Error 403: Forbidden\r\n\n   [WARNING] AST parsing failed: Invalid compilation: \n\nSolidity version not found:\nSTDOUT:\n\nSTDERR:\nTraceback (most recent call last):\r\n  File "<frozen runpy>", line 198, in _run_module_as_main\r\n  File "<frozen runpy>", line 88, in _run_code\r\n  File "D:\\python\\python311\\Scripts\\solc.EXE\\__main__.py", line 6, in <module>\r\n  File "D:\\python\\python311\\Lib\\site-packages\\solc_select\\__main__.py", line 92, in solc\r\n    switch_global_version(version="latest", always_install=True, silent=True)\r\n  File "D:\\python\\python311\\Lib\\site-packages\\solc_select\\solc_select.py", line 207, in switch_global_version\r\n    version = get_latest_release()\r\n              ^^^^^^^^^^^^^^^^^^^^\r\n  File "D:\\python\\python311\\Lib\\site-packages\\solc_select\\solc_select.py", line 289, in get_latest_release\r\n    list_json = urllib.request.urlopen(list_url).read()\r\n                ^^^^^^^^^^^^^^^^^^^^^^^^^^^^^^^^\r\n  File "D:\\python\\python311\\Lib\\urllib\\request.py", line 216, in urlopen\r\n    return opener.open(url, data, timeout)\r\n           ^^^^^^^^^^^^^^^^^^^^^^^^^^^^^^^\r\n  File "D:\\python\\python311\\Lib\\urllib\\request.py", line 525, in open\r\n    response = meth(req, response)\r\n               ^^^^^^^^^^^^^^^^^^^\r\n  File "D:\\python\\python311\\Lib\\urllib\\request.py", line 634, in http_response\r\n    response = self.parent.error(\r\n               ^^^^^^^^^^^^^^^^^^\r\n  File "D:\\python\\python311\\Lib\\urllib\\request.py", line 563, in error\r\n    return self._call_chain(*args)\r\n           ^^^^^^^^^^^^^^^^^^^^^^^\r\n  File "D:\\python\\python311\\Lib\\urllib\\request.py", line 496, in _call_chain\r\n    result = func(*args)\r\n             ^^^^^^^^^^^\r\n  File "D:\\python\\python311\\Lib\\urllib\\request.py", line 643, in http_error_default\r\n    raise HTTPError(req.full_url, code, msg, hdrs, fp)\r\nurllib.error.HTTPError: HTTP Error 403: Forbidden\r\n\n   [OK] Rules found 0 issues\n   [OK] Total unique findings: 0\n[DONE] Analysis complete: No vulnerabilities found - SAFE [OK]
---------------------------- Captured stderr call -----------------------------
2026-03-04 01:52:01,882 | INFO | blockscope.requests | POST /api/v1/scan/file - Status: 200 - IP: unknown - Duration: 1.553s
2026-03-04 01:52:03,723 | INFO | blockscope.requests | POST /api/v1/scan/file - Status: 200 - IP: unknown - Duration: 1.838s
2026-03-04 01:52:05,450 | INFO | blockscope.requests | POST /api/v1/scan/file - Status: 200 - IP: unknown - Duration: 1.722s
------------------------------ Captured log call ------------------------------
INFO     blockscope.requests:security.py:400 POST /api/v1/scan/file - Status: 200 - IP: unknown - Duration: 1.553s
INFO     blockscope.requests:security.py:400 POST /api/v1/scan/file - Status: 200 - IP: unknown - Duration: 1.838s
INFO     blockscope.requests:security.py:400 POST /api/v1/scan/file - Status: 200 - IP: unknown - Duration: 1.722s
================================== FAILURES ===================================
__________________________ test_vulnerability_model ___________________________
D:\python\python311\Lib\site-packages\sqlalchemy\orm\clsregistry.py:515: in _resolve_name
    rval = d[token]
D:\python\python311\Lib\site-packages\sqlalchemy\util\_collections.py:346: in __missing__
    self[key] = val = self.creator(key)
D:\python\python311\Lib\site-packages\sqlalchemy\orm\clsregistry.py:483: in _access_cls
    return self.fallback[key]
E   KeyError: 'Scan'

The above exception was the direct cause of the following exception:
backend\tests\test_models.py:29: in test_vulnerability_model
    f = Finding(
<string>:4: in __init__
    ???
D:\python\python311\Lib\site-packages\sqlalchemy\orm\state.py:561: in _initialize_instance
    manager.dispatch.init(self, args, kwargs)
D:\python\python311\Lib\site-packages\sqlalchemy\event\attr.py:499: in __call__
    fn(*args, **kw)
D:\python\python311\Lib\site-packages\sqlalchemy\orm\mapper.py:4391: in _event_on_init
    instrumenting_mapper._check_configure()
D:\python\python311\Lib\site-packages\sqlalchemy\orm\mapper.py:2386: in _check_configure
    _configure_registries({self.registry}, cascade=True)
D:\python\python311\Lib\site-packages\sqlalchemy\orm\mapper.py:4199: in _configure_registries
    _do_configure_registries(registries, cascade)
D:\python\python311\Lib\site-packages\sqlalchemy\orm\mapper.py:4240: in _do_configure_registries
    mapper._post_configure_properties()
D:\python\python311\Lib\site-packages\sqlalchemy\orm\mapper.py:2403: in _post_configure_properties
    prop.init()
D:\python\python311\Lib\site-packages\sqlalchemy\orm\interfaces.py:579: in init
    self.do_init()
D:\python\python311\Lib\site-packages\sqlalchemy\orm\relationships.py:1638: in do_init
    self._setup_entity()
D:\python\python311\Lib\site-packages\sqlalchemy\orm\relationships.py:1852: in _setup_entity
    self._clsregistry_resolve_name(argument)(),
D:\python\python311\Lib\site-packages\sqlalchemy\orm\clsregistry.py:519: in _resolve_name
    self._raise_for_name(name, err)
D:\python\python311\Lib\site-packages\sqlalchemy\orm\clsregistry.py:500: in _raise_for_name
    raise exc.InvalidRequestError(
E   sqlalchemy.exc.InvalidRequestError: When initializing mapper Mapper[Finding(findings)], expression 'Scan' failed to locate a name ('Scan'). If this is a class name, consider adding this relationship() to the <class 'app.models.finding.Finding'> class after both dependent classes have been defined.
_____________________ test_scan_persisted_and_retrievable _____________________
backend\tests\integration\test_database_integration.py:40: in test_scan_persisted_and_retrievable
    assert isinstance(stored["scan_timestamp"], str)
E   KeyError: 'scan_timestamp'
---------------------------- Captured stdout call -----------------------------
[SCAN] Starting analysis for: A.sol\n\u274c Error parsing contract: Invalid compilation: \n\nSolidity version not found:\nSTDOUT:\n\nSTDERR:\nTraceback (most recent call last):\r\n  File "<frozen runpy>", line 198, in _run_module_as_main\r\n  File "<frozen runpy>", line 88, in _run_code\r\n  File "D:\\python\\python311\\Scripts\\solc.EXE\\__main__.py", line 6, in <module>\r\n  File "D:\\python\\python311\\Lib\\site-packages\\solc_select\\__main__.py", line 92, in solc\r\n    switch_global_version(version="latest", always_install=True, silent=True)\r\n  File "D:\\python\\python311\\Lib\\site-packages\\solc_select\\solc_select.py", line 207, in switch_global_version\r\n    version = get_latest_release()\r\n              ^^^^^^^^^^^^^^^^^^^^\r\n  File "D:\\python\\python311\\Lib\\site-packages\\solc_select\\solc_select.py", line 289, in get_latest_release\r\n    list_json = urllib.request.urlopen(list_url).read()\r\n                ^^^^^^^^^^^^^^^^^^^^^^^^^^^^^^^^\r\n  File "D:\\python\\python311\\Lib\\urllib\\request.py", line 216, in urlopen\r\n    return opener.open(url, data, timeout)\r\n           ^^^^^^^^^^^^^^^^^^^^^^^^^^^^^^^\r\n  File "D:\\python\\python311\\Lib\\urllib\\request.py", line 525, in open\r\n    response = meth(req, response)\r\n               ^^^^^^^^^^^^^^^^^^^\r\n  File "D:\\python\\python311\\Lib\\urllib\\request.py", line 634, in http_response\r\n    response = self.parent.error(\r\n               ^^^^^^^^^^^^^^^^^^\r\n  File "D:\\python\\python311\\Lib\\urllib\\request.py", line 563, in error\r\n    return self._call_chain(*args)\r\n           ^^^^^^^^^^^^^^^^^^^^^^^\r\n  File "D:\\python\\python311\\Lib\\urllib\\request.py", line 496, in _call_chain\r\n    result = func(*args)\r\n             ^^^^^^^^^^^\r\n  File "D:\\python\\python311\\Lib\\urllib\\request.py", line 643, in http_error_default\r\n    raise HTTPError(req.full_url, code, msg, hdrs, fp)\r\nurllib.error.HTTPError: HTTP Error 403: Forbidden\r\n\n   [WARNING] Slither analysis failed: Invalid compilation: \n\nSolidity version not found:\nSTDOUT:\n\nSTDERR:\nTraceback (most recent call last):\r\n  File "<frozen runpy>", line 198, in _run_module_as_main\r\n  File "<frozen runpy>", line 88, in _run_code\r\n  File "D:\\python\\python311\\Scripts\\solc.EXE\\__main__.py", line 6, in <module>\r\n  File "D:\\python\\python311\\Lib\\site-packages\\solc_select\\__main__.py", line 92, in solc\r\n    switch_global_version(version="latest", always_install=True, silent=True)\r\n  File "D:\\python\\python311\\Lib\\site-packages\\solc_select\\solc_select.py", line 207, in switch_global_version\r\n    version = get_latest_release()\r\n              ^^^^^^^^^^^^^^^^^^^^\r\n  File "D:\\python\\python311\\Lib\\site-packages\\solc_select\\solc_select.py", line 289, in get_latest_release\r\n    list_json = urllib.request.urlopen(list_url).read()\r\n                ^^^^^^^^^^^^^^^^^^^^^^^^^^^^^^^^\r\n  File "D:\\python\\python311\\Lib\\urllib\\request.py", line 216, in urlopen\r\n    return opener.open(url, data, timeout)\r\n           ^^^^^^^^^^^^^^^^^^^^^^^^^^^^^^^\r\n  File "D:\\python\\python311\\Lib\\urllib\\request.py", line 525, in open\r\n    response = meth(req, response)\r\n               ^^^^^^^^^^^^^^^^^^^\r\n  File "D:\\python\\python311\\Lib\\urllib\\request.py", line 634, in http_response\r\n    response = self.parent.error(\r\n               ^^^^^^^^^^^^^^^^^^\r\n  File "D:\\python\\python311\\Lib\\urllib\\request.py", line 563, in error\r\n    return self._call_chain(*args)\r\n           ^^^^^^^^^^^^^^^^^^^^^^^\r\n  File "D:\\python\\python311\\Lib\\urllib\\request.py", line 496, in _call_chain\r\n    result = func(*args)\r\n             ^^^^^^^^^^^\r\n  File "D:\\python\\python311\\Lib\\urllib\\request.py", line 643, in http_error_default\r\n    raise HTTPError(req.full_url, code, msg, hdrs, fp)\r\nurllib.error.HTTPError: HTTP Error 403: Forbidden\r\n\n   [OK] Slither found 0 issues\n\u274c Error parsing contract: Invalid compilation: \n\nSolidity version not found:\nSTDOUT:\n\nSTDERR:\nTraceback (most recent call last):\r\n  File "<frozen runpy>", line 198, in _run_module_as_main\r\n  File "<frozen runpy>", line 88, in _run_code\r\n  File "D:\\python\\python311\\Scripts\\solc.EXE\\__main__.py", line 6, in <module>\r\n  File "D:\\python\\python311\\Lib\\site-packages\\solc_select\\__main__.py", line 92, in solc\r\n    switch_global_version(version="latest", always_install=True, silent=True)\r\n  File "D:\\python\\python311\\Lib\\site-packages\\solc_select\\solc_select.py", line 207, in switch_global_version\r\n    version = get_latest_release()\r\n              ^^^^^^^^^^^^^^^^^^^^\r\n  File "D:\\python\\python311\\Lib\\site-packages\\solc_select\\solc_select.py", line 289, in get_latest_release\r\n    list_json = urllib.request.urlopen(list_url).read()\r\n                ^^^^^^^^^^^^^^^^^^^^^^^^^^^^^^^^\r\n  File "D:\\python\\python311\\Lib\\urllib\\request.py", line 216, in urlopen\r\n    return opener.open(url, data, timeout)\r\n           ^^^^^^^^^^^^^^^^^^^^^^^^^^^^^^^\r\n  File "D:\\python\\python311\\Lib\\urllib\\request.py", line 525, in open\r\n    response = meth(req, response)\r\n               ^^^^^^^^^^^^^^^^^^^\r\n  File "D:\\python\\python311\\Lib\\urllib\\request.py", line 634, in http_response\r\n    response = self.parent.error(\r\n               ^^^^^^^^^^^^^^^^^^\r\n  File "D:\\python\\python311\\Lib\\urllib\\request.py", line 563, in error\r\n    return self._call_chain(*args)\r\n           ^^^^^^^^^^^^^^^^^^^^^^^\r\n  File "D:\\python\\python311\\Lib\\urllib\\request.py", line 496, in _call_chain\r\n    result = func(*args)\r\n             ^^^^^^^^^^^\r\n  File "D:\\python\\python311\\Lib\\urllib\\request.py", line 643, in http_error_default\r\n    raise HTTPError(req.full_url, code, msg, hdrs, fp)\r\nurllib.error.HTTPError: HTTP Error 403: Forbidden\r\n\n   [WARNING] AST parsing failed: Invalid compilation: \n\nSolidity version not found:\nSTDOUT:\n\nSTDERR:\nTraceback (most recent call last):\r\n  File "<frozen runpy>", line 198, in _run_module_as_main\r\n  File "<frozen runpy>", line 88, in _run_code\r\n  File "D:\\python\\python311\\Scripts\\solc.EXE\\__main__.py", line 6, in <module>\r\n  File "D:\\python\\python311\\Lib\\site-packages\\solc_select\\__main__.py", line 92, in solc\r\n    switch_global_version(version="latest", always_install=True, silent=True)\r\n  File "D:\\python\\python311\\Lib\\site-packages\\solc_select\\solc_select.py", line 207, in switch_global_version\r\n    version = get_latest_release()\r\n              ^^^^^^^^^^^^^^^^^^^^\r\n  File "D:\\python\\python311\\Lib\\site-packages\\solc_select\\solc_select.py", line 289, in get_latest_release\r\n    list_json = urllib.request.urlopen(list_url).read()\r\n                ^^^^^^^^^^^^^^^^^^^^^^^^^^^^^^^^\r\n  File "D:\\python\\python311\\Lib\\urllib\\request.py", line 216, in urlopen\r\n    return opener.open(url, data, timeout)\r\n           ^^^^^^^^^^^^^^^^^^^^^^^^^^^^^^^\r\n  File "D:\\python\\python311\\Lib\\urllib\\request.py", line 525, in open\r\n    response = meth(req, response)\r\n               ^^^^^^^^^^^^^^^^^^^\r\n  File "D:\\python\\python311\\Lib\\urllib\\request.py", line 634, in http_response\r\n    response = self.parent.error(\r\n               ^^^^^^^^^^^^^^^^^^\r\n  File "D:\\python\\python311\\Lib\\urllib\\request.py", line 563, in error\r\n    return self._call_chain(*args)\r\n           ^^^^^^^^^^^^^^^^^^^^^^^\r\n  File "D:\\python\\python311\\Lib\\urllib\\request.py", line 496, in _call_chain\r\n    result = func(*args)\r\n             ^^^^^^^^^^^\r\n  File "D:\\python\\python311\\Lib\\urllib\\request.py", line 643, in http_error_default\r\n    raise HTTPError(req.full_url, code, msg, hdrs, fp)\r\nurllib.error.HTTPError: HTTP Error 403: Forbidden\r\n\n   [OK] Rules found 0 issues\n   [OK] Total unique findings: 0\n[DONE] Analysis complete: No vulnerabilities found - SAFE [OK]
---------------------------- Captured stderr call -----------------------------
2026-03-04 01:51:34,158 | INFO | blockscope.requests | POST /api/v1/scan/file - Status: 200 - IP: unknown - Duration: 2.770s
2026-03-04 01:51:34,171 | INFO | blockscope.requests | GET /api/v1/scans/1 - Status: 200 - IP: unknown - Duration: 0.008s
------------------------------ Captured log call ------------------------------
INFO     blockscope.requests:security.py:400 POST /api/v1/scan/file - Status: 200 - IP: unknown - Duration: 2.770s
INFO     blockscope.requests:security.py:400 GET /api/v1/scans/1 - Status: 200 - IP: unknown - Duration: 0.008s
______________________ test_malformed_contract_recovery _______________________
backend\tests\integration\test_error_recovery.py:34: in test_malformed_contract_recovery
    assert "vulnerabilities" in data
E   AssertionError: assert 'vulnerabilities' in {'contract_name': 'Broken', 'findings': [], 'overall_score': 100, 'scan_id': 3, ...}
---------------------------- Captured stdout call -----------------------------
[SCAN] Starting analysis for: Broken.sol\n\u274c Error parsing contract: Invalid compilation: \n\nSolidity version not found:\nSTDOUT:\n\nSTDERR:\nTraceback (most recent call last):\r\n  File "<frozen runpy>", line 198, in _run_module_as_main\r\n  File "<frozen runpy>", line 88, in _run_code\r\n  File "D:\\python\\python311\\Scripts\\solc.EXE\\__main__.py", line 6, in <module>\r\n  File "D:\\python\\python311\\Lib\\site-packages\\solc_select\\__main__.py", line 92, in solc\r\n    switch_global_version(version="latest", always_install=True, silent=True)\r\n  File "D:\\python\\python311\\Lib\\site-packages\\solc_select\\solc_select.py", line 207, in switch_global_version\r\n    version = get_latest_release()\r\n              ^^^^^^^^^^^^^^^^^^^^\r\n  File "D:\\python\\python311\\Lib\\site-packages\\solc_select\\solc_select.py", line 289, in get_latest_release\r\n    list_json = urllib.request.urlopen(list_url).read()\r\n                ^^^^^^^^^^^^^^^^^^^^^^^^^^^^^^^^\r\n  File "D:\\python\\python311\\Lib\\urllib\\request.py", line 216, in urlopen\r\n    return opener.open(url, data, timeout)\r\n           ^^^^^^^^^^^^^^^^^^^^^^^^^^^^^^^\r\n  File "D:\\python\\python311\\Lib\\urllib\\request.py", line 525, in open\r\n    response = meth(req, response)\r\n               ^^^^^^^^^^^^^^^^^^^\r\n  File "D:\\python\\python311\\Lib\\urllib\\request.py", line 634, in http_response\r\n    response = self.parent.error(\r\n               ^^^^^^^^^^^^^^^^^^\r\n  File "D:\\python\\python311\\Lib\\urllib\\request.py", line 563, in error\r\n    return self._call_chain(*args)\r\n           ^^^^^^^^^^^^^^^^^^^^^^^\r\n  File "D:\\python\\python311\\Lib\\urllib\\request.py", line 496, in _call_chain\r\n    result = func(*args)\r\n             ^^^^^^^^^^^\r\n  File "D:\\python\\python311\\Lib\\urllib\\request.py", line 643, in http_error_default\r\n    raise HTTPError(req.full_url, code, msg, hdrs, fp)\r\nurllib.error.HTTPError: HTTP Error 403: Forbidden\r\n\n   [WARNING] Slither analysis failed: Invalid compilation: \n\nSolidity version not found:\nSTDOUT:\n\nSTDERR:\nTraceback (most recent call last):\r\n  File "<frozen runpy>", line 198, in _run_module_as_main\r\n  File "<frozen runpy>", line 88, in _run_code\r\n  File "D:\\python\\python311\\Scripts\\solc.EXE\\__main__.py", line 6, in <module>\r\n  File "D:\\python\\python311\\Lib\\site-packages\\solc_select\\__main__.py", line 92, in solc\r\n    switch_global_version(version="latest", always_install=True, silent=True)\r\n  File "D:\\python\\python311\\Lib\\site-packages\\solc_select\\solc_select.py", line 207, in switch_global_version\r\n    version = get_latest_release()\r\n              ^^^^^^^^^^^^^^^^^^^^\r\n  File "D:\\python\\python311\\Lib\\site-packages\\solc_select\\solc_select.py", line 289, in get_latest_release\r\n    list_json = urllib.request.urlopen(list_url).read()\r\n                ^^^^^^^^^^^^^^^^^^^^^^^^^^^^^^^^\r\n  File "D:\\python\\python311\\Lib\\urllib\\request.py", line 216, in urlopen\r\n    return opener.open(url, data, timeout)\r\n           ^^^^^^^^^^^^^^^^^^^^^^^^^^^^^^^\r\n  File "D:\\python\\python311\\Lib\\urllib\\request.py", line 525, in open\r\n    response = meth(req, response)\r\n               ^^^^^^^^^^^^^^^^^^^\r\n  File "D:\\python\\python311\\Lib\\urllib\\request.py", line 634, in http_response\r\n    response = self.parent.error(\r\n               ^^^^^^^^^^^^^^^^^^\r\n  File "D:\\python\\python311\\Lib\\urllib\\request.py", line 563, in error\r\n    return self._call_chain(*args)\r\n           ^^^^^^^^^^^^^^^^^^^^^^^\r\n  File "D:\\python\\python311\\Lib\\urllib\\request.py", line 496, in _call_chain\r\n    result = func(*args)\r\n             ^^^^^^^^^^^\r\n  File "D:\\python\\python311\\Lib\\urllib\\request.py", line 643, in http_error_default\r\n    raise HTTPError(req.full_url, code, msg, hdrs, fp)\r\nurllib.error.HTTPError: HTTP Error 403: Forbidden\r\n\n   [OK] Slither found 0 issues\n\u274c Error parsing contract: Invalid compilation: \n\nSolidity version not found:\nSTDOUT:\n\nSTDERR:\nTraceback (most recent call last):\r\n  File "<frozen runpy>", line 198, in _run_module_as_main\r\n  File "<frozen runpy>", line 88, in _run_code\r\n  File "D:\\python\\python311\\Scripts\\solc.EXE\\__main__.py", line 6, in <module>\r\n  File "D:\\python\\python311\\Lib\\site-packages\\solc_select\\__main__.py", line 92, in solc\r\n    switch_global_version(version="latest", always_install=True, silent=True)\r\n  File "D:\\python\\python311\\Lib\\site-packages\\solc_select\\solc_select.py", line 207, in switch_global_version\r\n    version = get_latest_release()\r\n              ^^^^^^^^^^^^^^^^^^^^\r\n  File "D:\\python\\python311\\Lib\\site-packages\\solc_select\\solc_select.py", line 289, in get_latest_release\r\n    list_json = urllib.request.urlopen(list_url).read()\r\n                ^^^^^^^^^^^^^^^^^^^^^^^^^^^^^^^^\r\n  File "D:\\python\\python311\\Lib\\urllib\\request.py", line 216, in urlopen\r\n    return opener.open(url, data, timeout)\r\n           ^^^^^^^^^^^^^^^^^^^^^^^^^^^^^^^\r\n  File "D:\\python\\python311\\Lib\\urllib\\request.py", line 525, in open\r\n    response = meth(req, response)\r\n               ^^^^^^^^^^^^^^^^^^^\r\n  File "D:\\python\\python311\\Lib\\urllib\\request.py", line 634, in http_response\r\n    response = self.parent.error(\r\n               ^^^^^^^^^^^^^^^^^^\r\n  File "D:\\python\\python311\\Lib\\urllib\\request.py", line 563, in error\r\n    return self._call_chain(*args)\r\n           ^^^^^^^^^^^^^^^^^^^^^^^\r\n  File "D:\\python\\python311\\Lib\\urllib\\request.py", line 496, in _call_chain\r\n    result = func(*args)\r\n             ^^^^^^^^^^^\r\n  File "D:\\python\\python311\\Lib\\urllib\\request.py", line 643, in http_error_default\r\n    raise HTTPError(req.full_url, code, msg, hdrs, fp)\r\nurllib.error.HTTPError: HTTP Error 403: Forbidden\r\n\n   [WARNING] AST parsing failed: Invalid compilation: \n\nSolidity version not found:\nSTDOUT:\n\nSTDERR:\nTraceback (most recent call last):\r\n  File "<frozen runpy>", line 198, in _run_module_as_main\r\n  File "<frozen runpy>", line 88, in _run_code\r\n  File "D:\\python\\python311\\Scripts\\solc.EXE\\__main__.py", line 6, in <module>\r\n  File "D:\\python\\python311\\Lib\\site-packages\\solc_select\\__main__.py", line 92, in solc\r\n    switch_global_version(version="latest", always_install=True, silent=True)\r\n  File "D:\\python\\python311\\Lib\\site-packages\\solc_select\\solc_select.py", line 207, in switch_global_version\r\n    version = get_latest_release()\r\n              ^^^^^^^^^^^^^^^^^^^^\r\n  File "D:\\python\\python311\\Lib\\site-packages\\solc_select\\solc_select.py", line 289, in get_latest_release\r\n    list_json = urllib.request.urlopen(list_url).read()\r\n                ^^^^^^^^^^^^^^^^^^^^^^^^^^^^^^^^\r\n  File "D:\\python\\python311\\Lib\\urllib\\request.py", line 216, in urlopen\r\n    return opener.open(url, data, timeout)\r\n           ^^^^^^^^^^^^^^^^^^^^^^^^^^^^^^^\r\n  File "D:\\python\\python311\\Lib\\urllib\\request.py", line 525, in open\r\n    response = meth(req, response)\r\n               ^^^^^^^^^^^^^^^^^^^\r\n  File "D:\\python\\python311\\Lib\\urllib\\request.py", line 634, in http_response\r\n    response = self.parent.error(\r\n               ^^^^^^^^^^^^^^^^^^\r\n  File "D:\\python\\python311\\Lib\\urllib\\request.py", line 563, in error\r\n    return self._call_chain(*args)\r\n           ^^^^^^^^^^^^^^^^^^^^^^^\r\n  File "D:\\python\\python311\\Lib\\urllib\\request.py", line 496, in _call_chain\r\n    result = func(*args)\r\n             ^^^^^^^^^^^\r\n  File "D:\\python\\python311\\Lib\\urllib\\request.py", line 643, in http_error_default\r\n    raise HTTPError(req.full_url, code, msg, hdrs, fp)\r\nurllib.error.HTTPError: HTTP Error 403: Forbidden\r\n\n   [OK] Rules found 0 issues\n   [OK] Total unique findings: 0\n[DONE] Analysis complete: No vulnerabilities found - SAFE [OK]
---------------------------- Captured stderr call -----------------------------
2026-03-04 01:51:37,420 | INFO | blockscope.requests | POST /api/v1/scan/file - Status: 200 - IP: unknown - Duration: 1.583s
------------------------------ Captured log call ------------------------------
INFO     blockscope.requests:security.py:400 POST /api/v1/scan/file - Status: 200 - IP: unknown - Duration: 1.583s
_ test_full_scan_flow[clean-Clean.sol-\n        pragma solidity ^0.8.0;\n        contract Clean {\n            uint256 public x;\n        }\n        -200] _
backend\tests\integration\test_full_scan_flow.py:92: in test_full_scan_flow
    assert "vulnerabilities" in data
E   AssertionError: assert 'vulnerabilities' in {'contract_name': 'Clean', 'findings': [], 'overall_score': 100, 'scan_id': 5, ...}
---------------------------- Captured stdout call -----------------------------
[SCAN] Starting analysis for: Clean.sol\n\u274c Error parsing contract: Invalid compilation: \n\nSolidity version not found:\nSTDOUT:\n\nSTDERR:\nTraceback (most recent call last):\r\n  File "<frozen runpy>", line 198, in _run_module_as_main\r\n  File "<frozen runpy>", line 88, in _run_code\r\n  File "D:\\python\\python311\\Scripts\\solc.EXE\\__main__.py", line 6, in <module>\r\n  File "D:\\python\\python311\\Lib\\site-packages\\solc_select\\__main__.py", line 92, in solc\r\n    switch_global_version(version="latest", always_install=True, silent=True)\r\n  File "D:\\python\\python311\\Lib\\site-packages\\solc_select\\solc_select.py", line 207, in switch_global_version\r\n    version = get_latest_release()\r\n              ^^^^^^^^^^^^^^^^^^^^\r\n  File "D:\\python\\python311\\Lib\\site-packages\\solc_select\\solc_select.py", line 289, in get_latest_release\r\n    list_json = urllib.request.urlopen(list_url).read()\r\n                ^^^^^^^^^^^^^^^^^^^^^^^^^^^^^^^^\r\n  File "D:\\python\\python311\\Lib\\urllib\\request.py", line 216, in urlopen\r\n    return opener.open(url, data, timeout)\r\n           ^^^^^^^^^^^^^^^^^^^^^^^^^^^^^^^\r\n  File "D:\\python\\python311\\Lib\\urllib\\request.py", line 525, in open\r\n    response = meth(req, response)\r\n               ^^^^^^^^^^^^^^^^^^^\r\n  File "D:\\python\\python311\\Lib\\urllib\\request.py", line 634, in http_response\r\n    response = self.parent.error(\r\n               ^^^^^^^^^^^^^^^^^^\r\n  File "D:\\python\\python311\\Lib\\urllib\\request.py", line 563, in error\r\n    return self._call_chain(*args)\r\n           ^^^^^^^^^^^^^^^^^^^^^^^\r\n  File "D:\\python\\python311\\Lib\\urllib\\request.py", line 496, in _call_chain\r\n    result = func(*args)\r\n             ^^^^^^^^^^^\r\n  File "D:\\python\\python311\\Lib\\urllib\\request.py", line 643, in http_error_default\r\n    raise HTTPError(req.full_url, code, msg, hdrs, fp)\r\nurllib.error.HTTPError: HTTP Error 403: Forbidden\r\n\n   [WARNING] Slither analysis failed: Invalid compilation: \n\nSolidity version not found:\nSTDOUT:\n\nSTDERR:\nTraceback (most recent call last):\r\n  File "<frozen runpy>", line 198, in _run_module_as_main\r\n  File "<frozen runpy>", line 88, in _run_code\r\n  File "D:\\python\\python311\\Scripts\\solc.EXE\\__main__.py", line 6, in <module>\r\n  File "D:\\python\\python311\\Lib\\site-packages\\solc_select\\__main__.py", line 92, in solc\r\n    switch_global_version(version="latest", always_install=True, silent=True)\r\n  File "D:\\python\\python311\\Lib\\site-packages\\solc_select\\solc_select.py", line 207, in switch_global_version\r\n    version = get_latest_release()\r\n              ^^^^^^^^^^^^^^^^^^^^\r\n  File "D:\\python\\python311\\Lib\\site-packages\\solc_select\\solc_select.py", line 289, in get_latest_release\r\n    list_json = urllib.request.urlopen(list_url).read()\r\n                ^^^^^^^^^^^^^^^^^^^^^^^^^^^^^^^^\r\n  File "D:\\python\\python311\\Lib\\urllib\\request.py", line 216, in urlopen\r\n    return opener.open(url, data, timeout)\r\n           ^^^^^^^^^^^^^^^^^^^^^^^^^^^^^^^\r\n  File "D:\\python\\python311\\Lib\\urllib\\request.py", line 525, in open\r\n    response = meth(req, response)\r\n               ^^^^^^^^^^^^^^^^^^^\r\n  File "D:\\python\\python311\\Lib\\urllib\\request.py", line 634, in http_response\r\n    response = self.parent.error(\r\n               ^^^^^^^^^^^^^^^^^^\r\n  File "D:\\python\\python311\\Lib\\urllib\\request.py", line 563, in error\r\n    return self._call_chain(*args)\r\n           ^^^^^^^^^^^^^^^^^^^^^^^\r\n  File "D:\\python\\python311\\Lib\\urllib\\request.py", line 496, in _call_chain\r\n    result = func(*args)\r\n             ^^^^^^^^^^^\r\n  File "D:\\python\\python311\\Lib\\urllib\\request.py", line 643, in http_error_default\r\n    raise HTTPError(req.full_url, code, msg, hdrs, fp)\r\nurllib.error.HTTPError: HTTP Error 403: Forbidden\r\n\n   [OK] Slither found 0 issues\n\u274c Error parsing contract: Invalid compilation: \n\nSolidity version not found:\nSTDOUT:\n\nSTDERR:\nTraceback (most recent call last):\r\n  File "<frozen runpy>", line 198, in _run_module_as_main\r\n  File "<frozen runpy>", line 88, in _run_code\r\n  File "D:\\python\\python311\\Scripts\\solc.EXE\\__main__.py", line 6, in <module>\r\n  File "D:\\python\\python311\\Lib\\site-packages\\solc_select\\__main__.py", line 92, in solc\r\n    switch_global_version(version="latest", always_install=True, silent=True)\r\n  File "D:\\python\\python311\\Lib\\site-packages\\solc_select\\solc_select.py", line 207, in switch_global_version\r\n    version = get_latest_release()\r\n              ^^^^^^^^^^^^^^^^^^^^\r\n  File "D:\\python\\python311\\Lib\\site-packages\\solc_select\\solc_select.py", line 289, in get_latest_release\r\n    list_json = urllib.request.urlopen(list_url).read()\r\n                ^^^^^^^^^^^^^^^^^^^^^^^^^^^^^^^^\r\n  File "D:\\python\\python311\\Lib\\urllib\\request.py", line 216, in urlopen\r\n    return opener.open(url, data, timeout)\r\n           ^^^^^^^^^^^^^^^^^^^^^^^^^^^^^^^\r\n  File "D:\\python\\python311\\Lib\\urllib\\request.py", line 525, in open\r\n    response = meth(req, response)\r\n               ^^^^^^^^^^^^^^^^^^^\r\n  File "D:\\python\\python311\\Lib\\urllib\\request.py", line 634, in http_response\r\n    response = self.parent.error(\r\n               ^^^^^^^^^^^^^^^^^^\r\n  File "D:\\python\\python311\\Lib\\urllib\\request.py", line 563, in error\r\n    return self._call_chain(*args)\r\n           ^^^^^^^^^^^^^^^^^^^^^^^\r\n  File "D:\\python\\python311\\Lib\\urllib\\request.py", line 496, in _call_chain\r\n    result = func(*args)\r\n             ^^^^^^^^^^^\r\n  File "D:\\python\\python311\\Lib\\urllib\\request.py", line 643, in http_error_default\r\n    raise HTTPError(req.full_url, code, msg, hdrs, fp)\r\nurllib.error.HTTPError: HTTP Error 403: Forbidden\r\n\n   [WARNING] AST parsing failed: Invalid compilation: \n\nSolidity version not found:\nSTDOUT:\n\nSTDERR:\nTraceback (most recent call last):\r\n  File "<frozen runpy>", line 198, in _run_module_as_main\r\n  File "<frozen runpy>", line 88, in _run_code\r\n  File "D:\\python\\python311\\Scripts\\solc.EXE\\__main__.py", line 6, in <module>\r\n  File "D:\\python\\python311\\Lib\\site-packages\\solc_select\\__main__.py", line 92, in solc\r\n    switch_global_version(version="latest", always_install=True, silent=True)\r\n  File "D:\\python\\python311\\Lib\\site-packages\\solc_select\\solc_select.py", line 207, in switch_global_version\r\n    version = get_latest_release()\r\n              ^^^^^^^^^^^^^^^^^^^^\r\n  File "D:\\python\\python311\\Lib\\site-packages\\solc_select\\solc_select.py", line 289, in get_latest_release\r\n    list_json = urllib.request.urlopen(list_url).read()\r\n                ^^^^^^^^^^^^^^^^^^^^^^^^^^^^^^^^\r\n  File "D:\\python\\python311\\Lib\\urllib\\request.py", line 216, in urlopen\r\n    return opener.open(url, data, timeout)\r\n           ^^^^^^^^^^^^^^^^^^^^^^^^^^^^^^^\r\n  File "D:\\python\\python311\\Lib\\urllib\\request.py", line 525, in open\r\n    response = meth(req, response)\r\n               ^^^^^^^^^^^^^^^^^^^\r\n  File "D:\\python\\python311\\Lib\\urllib\\request.py", line 634, in http_response\r\n    response = self.parent.error(\r\n               ^^^^^^^^^^^^^^^^^^\r\n  File "D:\\python\\python311\\Lib\\urllib\\request.py", line 563, in error\r\n    return self._call_chain(*args)\r\n           ^^^^^^^^^^^^^^^^^^^^^^^\r\n  File "D:\\python\\python311\\Lib\\urllib\\request.py", line 496, in _call_chain\r\n    result = func(*args)\r\n             ^^^^^^^^^^^\r\n  File "D:\\python\\python311\\Lib\\urllib\\request.py", line 643, in http_error_default\r\n    raise HTTPError(req.full_url, code, msg, hdrs, fp)\r\nurllib.error.HTTPError: HTTP Error 403: Forbidden\r\n\n   [OK] Rules found 0 issues\n   [OK] Total unique findings: 0\n[DONE] Analysis complete: No vulnerabilities found - SAFE [OK]
---------------------------- Captured stderr call -----------------------------
2026-03-04 01:51:40,756 | INFO | blockscope.requests | POST /api/v1/scan/file - Status: 200 - IP: unknown - Duration: 1.622s
------------------------------ Captured log call ------------------------------
INFO     blockscope.requests:security.py:400 POST /api/v1/scan/file - Status: 200 - IP: unknown - Duration: 1.622s
_ test_full_scan_flow[broken-Broken.sol-\n        pragma solidity ^0.8.0;\n        contract Broken {\n            uint256 public x\n        -200] _
backend\tests\integration\test_full_scan_flow.py:92: in test_full_scan_flow
    assert "vulnerabilities" in data
E   AssertionError: assert 'vulnerabilities' in {'contract_name': 'Broken', 'findings': [], 'overall_score': 100, 'scan_id': 6, ...}
---------------------------- Captured stdout call -----------------------------
[SCAN] Starting analysis for: Broken.sol\n\u274c Error parsing contract: Invalid compilation: \n\nSolidity version not found:\nSTDOUT:\n\nSTDERR:\nTraceback (most recent call last):\r\n  File "<frozen runpy>", line 198, in _run_module_as_main\r\n  File "<frozen runpy>", line 88, in _run_code\r\n  File "D:\\python\\python311\\Scripts\\solc.EXE\\__main__.py", line 6, in <module>\r\n  File "D:\\python\\python311\\Lib\\site-packages\\solc_select\\__main__.py", line 92, in solc\r\n    switch_global_version(version="latest", always_install=True, silent=True)\r\n  File "D:\\python\\python311\\Lib\\site-packages\\solc_select\\solc_select.py", line 207, in switch_global_version\r\n    version = get_latest_release()\r\n              ^^^^^^^^^^^^^^^^^^^^\r\n  File "D:\\python\\python311\\Lib\\site-packages\\solc_select\\solc_select.py", line 289, in get_latest_release\r\n    list_json = urllib.request.urlopen(list_url).read()\r\n                ^^^^^^^^^^^^^^^^^^^^^^^^^^^^^^^^\r\n  File "D:\\python\\python311\\Lib\\urllib\\request.py", line 216, in urlopen\r\n    return opener.open(url, data, timeout)\r\n           ^^^^^^^^^^^^^^^^^^^^^^^^^^^^^^^\r\n  File "D:\\python\\python311\\Lib\\urllib\\request.py", line 525, in open\r\n    response = meth(req, response)\r\n               ^^^^^^^^^^^^^^^^^^^\r\n  File "D:\\python\\python311\\Lib\\urllib\\request.py", line 634, in http_response\r\n    response = self.parent.error(\r\n               ^^^^^^^^^^^^^^^^^^\r\n  File "D:\\python\\python311\\Lib\\urllib\\request.py", line 563, in error\r\n    return self._call_chain(*args)\r\n           ^^^^^^^^^^^^^^^^^^^^^^^\r\n  File "D:\\python\\python311\\Lib\\urllib\\request.py", line 496, in _call_chain\r\n    result = func(*args)\r\n             ^^^^^^^^^^^\r\n  File "D:\\python\\python311\\Lib\\urllib\\request.py", line 643, in http_error_default\r\n    raise HTTPError(req.full_url, code, msg, hdrs, fp)\r\nurllib.error.HTTPError: HTTP Error 403: Forbidden\r\n\n   [WARNING] Slither analysis failed: Invalid compilation: \n\nSolidity version not found:\nSTDOUT:\n\nSTDERR:\nTraceback (most recent call last):\r\n  File "<frozen runpy>", line 198, in _run_module_as_main\r\n  File "<frozen runpy>", line 88, in _run_code\r\n  File "D:\\python\\python311\\Scripts\\solc.EXE\\__main__.py", line 6, in <module>\r\n  File "D:\\python\\python311\\Lib\\site-packages\\solc_select\\__main__.py", line 92, in solc\r\n    switch_global_version(version="latest", always_install=True, silent=True)\r\n  File "D:\\python\\python311\\Lib\\site-packages\\solc_select\\solc_select.py", line 207, in switch_global_version\r\n    version = get_latest_release()\r\n              ^^^^^^^^^^^^^^^^^^^^\r\n  File "D:\\python\\python311\\Lib\\site-packages\\solc_select\\solc_select.py", line 289, in get_latest_release\r\n    list_json = urllib.request.urlopen(list_url).read()\r\n                ^^^^^^^^^^^^^^^^^^^^^^^^^^^^^^^^\r\n  File "D:\\python\\python311\\Lib\\urllib\\request.py", line 216, in urlopen\r\n    return opener.open(url, data, timeout)\r\n           ^^^^^^^^^^^^^^^^^^^^^^^^^^^^^^^\r\n  File "D:\\python\\python311\\Lib\\urllib\\request.py", line 525, in open\r\n    response = meth(req, response)\r\n               ^^^^^^^^^^^^^^^^^^^\r\n  File "D:\\python\\python311\\Lib\\urllib\\request.py", line 634, in http_response\r\n    response = self.parent.error(\r\n               ^^^^^^^^^^^^^^^^^^\r\n  File "D:\\python\\python311\\Lib\\urllib\\request.py", line 563, in error\r\n    return self._call_chain(*args)\r\n           ^^^^^^^^^^^^^^^^^^^^^^^\r\n  File "D:\\python\\python311\\Lib\\urllib\\request.py", line 496, in _call_chain\r\n    result = func(*args)\r\n             ^^^^^^^^^^^\r\n  File "D:\\python\\python311\\Lib\\urllib\\request.py", line 643, in http_error_default\r\n    raise HTTPError(req.full_url, code, msg, hdrs, fp)\r\nurllib.error.HTTPError: HTTP Error 403: Forbidden\r\n\n   [OK] Slither found 0 issues\n\u274c Error parsing contract: Invalid compilation: \n\nSolidity version not found:\nSTDOUT:\n\nSTDERR:\nTraceback (most recent call last):\r\n  File "<frozen runpy>", line 198, in _run_module_as_main\r\n  File "<frozen runpy>", line 88, in _run_code\r\n  File "D:\\python\\python311\\Scripts\\solc.EXE\\__main__.py", line 6, in <module>\r\n  File "D:\\python\\python311\\Lib\\site-packages\\solc_select\\__main__.py", line 92, in solc\r\n    switch_global_version(version="latest", always_install=True, silent=True)\r\n  File "D:\\python\\python311\\Lib\\site-packages\\solc_select\\solc_select.py", line 207, in switch_global_version\r\n    version = get_latest_release()\r\n              ^^^^^^^^^^^^^^^^^^^^\r\n  File "D:\\python\\python311\\Lib\\site-packages\\solc_select\\solc_select.py", line 289, in get_latest_release\r\n    list_json = urllib.request.urlopen(list_url).read()\r\n                ^^^^^^^^^^^^^^^^^^^^^^^^^^^^^^^^\r\n  File "D:\\python\\python311\\Lib\\urllib\\request.py", line 216, in urlopen\r\n    return opener.open(url, data, timeout)\r\n           ^^^^^^^^^^^^^^^^^^^^^^^^^^^^^^^\r\n  File "D:\\python\\python311\\Lib\\urllib\\request.py", line 525, in open\r\n    response = meth(req, response)\r\n               ^^^^^^^^^^^^^^^^^^^\r\n  File "D:\\python\\python311\\Lib\\urllib\\request.py", line 634, in http_response\r\n    response = self.parent.error(\r\n               ^^^^^^^^^^^^^^^^^^\r\n  File "D:\\python\\python311\\Lib\\urllib\\request.py", line 563, in error\r\n    return self._call_chain(*args)\r\n           ^^^^^^^^^^^^^^^^^^^^^^^\r\n  File "D:\\python\\python311\\Lib\\urllib\\request.py", line 496, in _call_chain\r\n    result = func(*args)\r\n             ^^^^^^^^^^^\r\n  File "D:\\python\\python311\\Lib\\urllib\\request.py", line 643, in http_error_default\r\n    raise HTTPError(req.full_url, code, msg, hdrs, fp)\r\nurllib.error.HTTPError: HTTP Error 403: Forbidden\r\n\n   [WARNING] AST parsing failed: Invalid compilation: \n\nSolidity version not found:\nSTDOUT:\n\nSTDERR:\nTraceback (most recent call last):\r\n  File "<frozen runpy>", line 198, in _run_module_as_main\r\n  File "<frozen runpy>", line 88, in _run_code\r\n  File "D:\\python\\python311\\Scripts\\solc.EXE\\__main__.py", line 6, in <module>\r\n  File "D:\\python\\python311\\Lib\\site-packages\\solc_select\\__main__.py", line 92, in solc\r\n    switch_global_version(version="latest", always_install=True, silent=True)\r\n  File "D:\\python\\python311\\Lib\\site-packages\\solc_select\\solc_select.py", line 207, in switch_global_version\r\n    version = get_latest_release()\r\n              ^^^^^^^^^^^^^^^^^^^^\r\n  File "D:\\python\\python311\\Lib\\site-packages\\solc_select\\solc_select.py", line 289, in get_latest_release\r\n    list_json = urllib.request.urlopen(list_url).read()\r\n                ^^^^^^^^^^^^^^^^^^^^^^^^^^^^^^^^\r\n  File "D:\\python\\python311\\Lib\\urllib\\request.py", line 216, in urlopen\r\n    return opener.open(url, data, timeout)\r\n           ^^^^^^^^^^^^^^^^^^^^^^^^^^^^^^^\r\n  File "D:\\python\\python311\\Lib\\urllib\\request.py", line 525, in open\r\n    response = meth(req, response)\r\n               ^^^^^^^^^^^^^^^^^^^\r\n  File "D:\\python\\python311\\Lib\\urllib\\request.py", line 634, in http_response\r\n    response = self.parent.error(\r\n               ^^^^^^^^^^^^^^^^^^\r\n  File "D:\\python\\python311\\Lib\\urllib\\request.py", line 563, in error\r\n    return self._call_chain(*args)\r\n           ^^^^^^^^^^^^^^^^^^^^^^^\r\n  File "D:\\python\\python311\\Lib\\urllib\\request.py", line 496, in _call_chain\r\n    result = func(*args)\r\n             ^^^^^^^^^^^\r\n  File "D:\\python\\python311\\Lib\\urllib\\request.py", line 643, in http_error_default\r\n    raise HTTPError(req.full_url, code, msg, hdrs, fp)\r\nurllib.error.HTTPError: HTTP Error 403: Forbidden\r\n\n   [OK] Rules found 0 issues\n   [OK] Total unique findings: 0\n[DONE] Analysis complete: No vulnerabilities found - SAFE [OK]
---------------------------- Captured stderr call -----------------------------
2026-03-04 01:51:42,384 | INFO | blockscope.requests | POST /api/v1/scan/file - Status: 200 - IP: unknown - Duration: 1.601s
------------------------------ Captured log call ------------------------------
INFO     blockscope.requests:security.py:400 POST /api/v1/scan/file - Status: 200 - IP: unknown - Duration: 1.601s
__________________ test_full_scan_flow[empty-Empty.sol--400] __________________
backend\tests\integration\test_full_scan_flow.py:75: in test_full_scan_flow
    assert response.status_code == expected_status, f"{name} failed"
E   AssertionError: empty failed
E   assert 200 == 400
E    +  where 200 = <Response [200 OK]>.status_code
---------------------------- Captured stdout call -----------------------------
[SCAN] Starting analysis for: Empty.sol\n\u274c Error parsing contract: Invalid compilation: \n\nSolidity version not found:\nSTDOUT:\n\nSTDERR:\nTraceback (most recent call last):\r\n  File "<frozen runpy>", line 198, in _run_module_as_main\r\n  File "<frozen runpy>", line 88, in _run_code\r\n  File "D:\\python\\python311\\Scripts\\solc.EXE\\__main__.py", line 6, in <module>\r\n  File "D:\\python\\python311\\Lib\\site-packages\\solc_select\\__main__.py", line 92, in solc\r\n    switch_global_version(version="latest", always_install=True, silent=True)\r\n  File "D:\\python\\python311\\Lib\\site-packages\\solc_select\\solc_select.py", line 207, in switch_global_version\r\n    version = get_latest_release()\r\n              ^^^^^^^^^^^^^^^^^^^^\r\n  File "D:\\python\\python311\\Lib\\site-packages\\solc_select\\solc_select.py", line 289, in get_latest_release\r\n    list_json = urllib.request.urlopen(list_url).read()\r\n                ^^^^^^^^^^^^^^^^^^^^^^^^^^^^^^^^\r\n  File "D:\\python\\python311\\Lib\\urllib\\request.py", line 216, in urlopen\r\n    return opener.open(url, data, timeout)\r\n           ^^^^^^^^^^^^^^^^^^^^^^^^^^^^^^^\r\n  File "D:\\python\\python311\\Lib\\urllib\\request.py", line 525, in open\r\n    response = meth(req, response)\r\n               ^^^^^^^^^^^^^^^^^^^\r\n  File "D:\\python\\python311\\Lib\\urllib\\request.py", line 634, in http_response\r\n    response = self.parent.error(\r\n               ^^^^^^^^^^^^^^^^^^\r\n  File "D:\\python\\python311\\Lib\\urllib\\request.py", line 563, in error\r\n    return self._call_chain(*args)\r\n           ^^^^^^^^^^^^^^^^^^^^^^^\r\n  File "D:\\python\\python311\\Lib\\urllib\\request.py", line 496, in _call_chain\r\n    result = func(*args)\r\n             ^^^^^^^^^^^\r\n  File "D:\\python\\python311\\Lib\\urllib\\request.py", line 643, in http_error_default\r\n    raise HTTPError(req.full_url, code, msg, hdrs, fp)\r\nurllib.error.HTTPError: HTTP Error 403: Forbidden\r\n\n   [WARNING] Slither analysis failed: Invalid compilation: \n\nSolidity version not found:\nSTDOUT:\n\nSTDERR:\nTraceback (most recent call last):\r\n  File "<frozen runpy>", line 198, in _run_module_as_main\r\n  File "<frozen runpy>", line 88, in _run_code\r\n  File "D:\\python\\python311\\Scripts\\solc.EXE\\__main__.py", line 6, in <module>\r\n  File "D:\\python\\python311\\Lib\\site-packages\\solc_select\\__main__.py", line 92, in solc\r\n    switch_global_version(version="latest", always_install=True, silent=True)\r\n  File "D:\\python\\python311\\Lib\\site-packages\\solc_select\\solc_select.py", line 207, in switch_global_version\r\n    version = get_latest_release()\r\n              ^^^^^^^^^^^^^^^^^^^^\r\n  File "D:\\python\\python311\\Lib\\site-packages\\solc_select\\solc_select.py", line 289, in get_latest_release\r\n    list_json = urllib.request.urlopen(list_url).read()\r\n                ^^^^^^^^^^^^^^^^^^^^^^^^^^^^^^^^\r\n  File "D:\\python\\python311\\Lib\\urllib\\request.py", line 216, in urlopen\r\n    return opener.open(url, data, timeout)\r\n           ^^^^^^^^^^^^^^^^^^^^^^^^^^^^^^^\r\n  File "D:\\python\\python311\\Lib\\urllib\\request.py", line 525, in open\r\n    response = meth(req, response)\r\n               ^^^^^^^^^^^^^^^^^^^\r\n  File "D:\\python\\python311\\Lib\\urllib\\request.py", line 634, in http_response\r\n    response = self.parent.error(\r\n               ^^^^^^^^^^^^^^^^^^\r\n  File "D:\\python\\python311\\Lib\\urllib\\request.py", line 563, in error\r\n    return self._call_chain(*args)\r\n           ^^^^^^^^^^^^^^^^^^^^^^^\r\n  File "D:\\python\\python311\\Lib\\urllib\\request.py", line 496, in _call_chain\r\n    result = func(*args)\r\n             ^^^^^^^^^^^\r\n  File "D:\\python\\python311\\Lib\\urllib\\request.py", line 643, in http_error_default\r\n    raise HTTPError(req.full_url, code, msg, hdrs, fp)\r\nurllib.error.HTTPError: HTTP Error 403: Forbidden\r\n\n   [OK] Slither found 0 issues\n\u274c Error parsing contract: Invalid compilation: \n\nSolidity version not found:\nSTDOUT:\n\nSTDERR:\nTraceback (most recent call last):\r\n  File "<frozen runpy>", line 198, in _run_module_as_main\r\n  File "<frozen runpy>", line 88, in _run_code\r\n  File "D:\\python\\python311\\Scripts\\solc.EXE\\__main__.py", line 6, in <module>\r\n  File "D:\\python\\python311\\Lib\\site-packages\\solc_select\\__main__.py", line 92, in solc\r\n    switch_global_version(version="latest", always_install=True, silent=True)\r\n  File "D:\\python\\python311\\Lib\\site-packages\\solc_select\\solc_select.py", line 207, in switch_global_version\r\n    version = get_latest_release()\r\n              ^^^^^^^^^^^^^^^^^^^^\r\n  File "D:\\python\\python311\\Lib\\site-packages\\solc_select\\solc_select.py", line 289, in get_latest_release\r\n    list_json = urllib.request.urlopen(list_url).read()\r\n                ^^^^^^^^^^^^^^^^^^^^^^^^^^^^^^^^\r\n  File "D:\\python\\python311\\Lib\\urllib\\request.py", line 216, in urlopen\r\n    return opener.open(url, data, timeout)\r\n           ^^^^^^^^^^^^^^^^^^^^^^^^^^^^^^^\r\n  File "D:\\python\\python311\\Lib\\urllib\\request.py", line 525, in open\r\n    response = meth(req, response)\r\n               ^^^^^^^^^^^^^^^^^^^\r\n  File "D:\\python\\python311\\Lib\\urllib\\request.py", line 634, in http_response\r\n    response = self.parent.error(\r\n               ^^^^^^^^^^^^^^^^^^\r\n  File "D:\\python\\python311\\Lib\\urllib\\request.py", line 563, in error\r\n    return self._call_chain(*args)\r\n           ^^^^^^^^^^^^^^^^^^^^^^^\r\n  File "D:\\python\\python311\\Lib\\urllib\\request.py", line 496, in _call_chain\r\n    result = func(*args)\r\n             ^^^^^^^^^^^\r\n  File "D:\\python\\python311\\Lib\\urllib\\request.py", line 643, in http_error_default\r\n    raise HTTPError(req.full_url, code, msg, hdrs, fp)\r\nurllib.error.HTTPError: HTTP Error 403: Forbidden\r\n\n   [WARNING] AST parsing failed: Invalid compilation: \n\nSolidity version not found:\nSTDOUT:\n\nSTDERR:\nTraceback (most recent call last):\r\n  File "<frozen runpy>", line 198, in _run_module_as_main\r\n  File "<frozen runpy>", line 88, in _run_code\r\n  File "D:\\python\\python311\\Scripts\\solc.EXE\\__main__.py", line 6, in <module>\r\n  File "D:\\python\\python311\\Lib\\site-packages\\solc_select\\__main__.py", line 92, in solc\r\n    switch_global_version(version="latest", always_install=True, silent=True)\r\n  File "D:\\python\\python311\\Lib\\site-packages\\solc_select\\solc_select.py", line 207, in switch_global_version\r\n    version = get_latest_release()\r\n              ^^^^^^^^^^^^^^^^^^^^\r\n  File "D:\\python\\python311\\Lib\\site-packages\\solc_select\\solc_select.py", line 289, in get_latest_release\r\n    list_json = urllib.request.urlopen(list_url).read()\r\n                ^^^^^^^^^^^^^^^^^^^^^^^^^^^^^^^^\r\n  File "D:\\python\\python311\\Lib\\urllib\\request.py", line 216, in urlopen\r\n    return opener.open(url, data, timeout)\r\n           ^^^^^^^^^^^^^^^^^^^^^^^^^^^^^^^\r\n  File "D:\\python\\python311\\Lib\\urllib\\request.py", line 525, in open\r\n    response = meth(req, response)\r\n               ^^^^^^^^^^^^^^^^^^^\r\n  File "D:\\python\\python311\\Lib\\urllib\\request.py", line 634, in http_response\r\n    response = self.parent.error(\r\n               ^^^^^^^^^^^^^^^^^^\r\n  File "D:\\python\\python311\\Lib\\urllib\\request.py", line 563, in error\r\n    return self._call_chain(*args)\r\n           ^^^^^^^^^^^^^^^^^^^^^^^\r\n  File "D:\\python\\python311\\Lib\\urllib\\request.py", line 496, in _call_chain\r\n    result = func(*args)\r\n             ^^^^^^^^^^^\r\n  File "D:\\python\\python311\\Lib\\urllib\\request.py", line 643, in http_error_default\r\n    raise HTTPError(req.full_url, code, msg, hdrs, fp)\r\nurllib.error.HTTPError: HTTP Error 403: Forbidden\r\n\n   [OK] Rules found 0 issues\n   [OK] Total unique findings: 0\n[DONE] Analysis complete: No vulnerabilities found - SAFE [OK]
---------------------------- Captured stderr call -----------------------------
2026-03-04 01:51:44,063 | INFO | blockscope.requests | POST /api/v1/scan/file - Status: 200 - IP: unknown - Duration: 1.652s
------------------------------ Captured log call ------------------------------
INFO     blockscope.requests:security.py:400 POST /api/v1/scan/file - Status: 200 - IP: unknown - Duration: 1.652s
________________ test_full_scan_flow[large-Large.sol-None-200] ________________
backend\tests\integration\test_full_scan_flow.py:92: in test_full_scan_flow
    assert "vulnerabilities" in data
E   AssertionError: assert 'vulnerabilities' in {'contract_name': 'Large', 'findings': [], 'overall_score': 100, 'scan_id': 8, ...}
---------------------------- Captured stdout call -----------------------------
[SCAN] Starting analysis for: Large.sol\n\u274c Error parsing contract: Invalid compilation: \n\nSolidity version not found:\nSTDOUT:\n\nSTDERR:\nTraceback (most recent call last):\r\n  File "<frozen runpy>", line 198, in _run_module_as_main\r\n  File "<frozen runpy>", line 88, in _run_code\r\n  File "D:\\python\\python311\\Scripts\\solc.EXE\\__main__.py", line 6, in <module>\r\n  File "D:\\python\\python311\\Lib\\site-packages\\solc_select\\__main__.py", line 92, in solc\r\n    switch_global_version(version="latest", always_install=True, silent=True)\r\n  File "D:\\python\\python311\\Lib\\site-packages\\solc_select\\solc_select.py", line 207, in switch_global_version\r\n    version = get_latest_release()\r\n              ^^^^^^^^^^^^^^^^^^^^\r\n  File "D:\\python\\python311\\Lib\\site-packages\\solc_select\\solc_select.py", line 289, in get_latest_release\r\n    list_json = urllib.request.urlopen(list_url).read()\r\n                ^^^^^^^^^^^^^^^^^^^^^^^^^^^^^^^^\r\n  File "D:\\python\\python311\\Lib\\urllib\\request.py", line 216, in urlopen\r\n    return opener.open(url, data, timeout)\r\n           ^^^^^^^^^^^^^^^^^^^^^^^^^^^^^^^\r\n  File "D:\\python\\python311\\Lib\\urllib\\request.py", line 525, in open\r\n    response = meth(req, response)\r\n               ^^^^^^^^^^^^^^^^^^^\r\n  File "D:\\python\\python311\\Lib\\urllib\\request.py", line 634, in http_response\r\n    response = self.parent.error(\r\n               ^^^^^^^^^^^^^^^^^^\r\n  File "D:\\python\\python311\\Lib\\urllib\\request.py", line 563, in error\r\n    return self._call_chain(*args)\r\n           ^^^^^^^^^^^^^^^^^^^^^^^\r\n  File "D:\\python\\python311\\Lib\\urllib\\request.py", line 496, in _call_chain\r\n    result = func(*args)\r\n             ^^^^^^^^^^^\r\n  File "D:\\python\\python311\\Lib\\urllib\\request.py", line 643, in http_error_default\r\n    raise HTTPError(req.full_url, code, msg, hdrs, fp)\r\nurllib.error.HTTPError: HTTP Error 403: Forbidden\r\n\n   [WARNING] Slither analysis failed: Invalid compilation: \n\nSolidity version not found:\nSTDOUT:\n\nSTDERR:\nTraceback (most recent call last):\r\n  File "<frozen runpy>", line 198, in _run_module_as_main\r\n  File "<frozen runpy>", line 88, in _run_code\r\n  File "D:\\python\\python311\\Scripts\\solc.EXE\\__main__.py", line 6, in <module>\r\n  File "D:\\python\\python311\\Lib\\site-packages\\solc_select\\__main__.py", line 92, in solc\r\n    switch_global_version(version="latest", always_install=True, silent=True)\r\n  File "D:\\python\\python311\\Lib\\site-packages\\solc_select\\solc_select.py", line 207, in switch_global_version\r\n    version = get_latest_release()\r\n              ^^^^^^^^^^^^^^^^^^^^\r\n  File "D:\\python\\python311\\Lib\\site-packages\\solc_select\\solc_select.py", line 289, in get_latest_release\r\n    list_json = urllib.request.urlopen(list_url).read()\r\n                ^^^^^^^^^^^^^^^^^^^^^^^^^^^^^^^^\r\n  File "D:\\python\\python311\\Lib\\urllib\\request.py", line 216, in urlopen\r\n    return opener.open(url, data, timeout)\r\n           ^^^^^^^^^^^^^^^^^^^^^^^^^^^^^^^\r\n  File "D:\\python\\python311\\Lib\\urllib\\request.py", line 525, in open\r\n    response = meth(req, response)\r\n               ^^^^^^^^^^^^^^^^^^^\r\n  File "D:\\python\\python311\\Lib\\urllib\\request.py", line 634, in http_response\r\n    response = self.parent.error(\r\n               ^^^^^^^^^^^^^^^^^^\r\n  File "D:\\python\\python311\\Lib\\urllib\\request.py", line 563, in error\r\n    return self._call_chain(*args)\r\n           ^^^^^^^^^^^^^^^^^^^^^^^\r\n  File "D:\\python\\python311\\Lib\\urllib\\request.py", line 496, in _call_chain\r\n    result = func(*args)\r\n             ^^^^^^^^^^^\r\n  File "D:\\python\\python311\\Lib\\urllib\\request.py", line 643, in http_error_default\r\n    raise HTTPError(req.full_url, code, msg, hdrs, fp)\r\nurllib.error.HTTPError: HTTP Error 403: Forbidden\r\n\n   [OK] Slither found 0 issues\n\u274c Error parsing contract: Invalid compilation: \n\nSolidity version not found:\nSTDOUT:\n\nSTDERR:\nTraceback (most recent call last):\r\n  File "<frozen runpy>", line 198, in _run_module_as_main\r\n  File "<frozen runpy>", line 88, in _run_code\r\n  File "D:\\python\\python311\\Scripts\\solc.EXE\\__main__.py", line 6, in <module>\r\n  File "D:\\python\\python311\\Lib\\site-packages\\solc_select\\__main__.py", line 92, in solc\r\n    switch_global_version(version="latest", always_install=True, silent=True)\r\n  File "D:\\python\\python311\\Lib\\site-packages\\solc_select\\solc_select.py", line 207, in switch_global_version\r\n    version = get_latest_release()\r\n              ^^^^^^^^^^^^^^^^^^^^\r\n  File "D:\\python\\python311\\Lib\\site-packages\\solc_select\\solc_select.py", line 289, in get_latest_release\r\n    list_json = urllib.request.urlopen(list_url).read()\r\n                ^^^^^^^^^^^^^^^^^^^^^^^^^^^^^^^^\r\n  File "D:\\python\\python311\\Lib\\urllib\\request.py", line 216, in urlopen\r\n    return opener.open(url, data, timeout)\r\n           ^^^^^^^^^^^^^^^^^^^^^^^^^^^^^^^\r\n  File "D:\\python\\python311\\Lib\\urllib\\request.py", line 525, in open\r\n    response = meth(req, response)\r\n               ^^^^^^^^^^^^^^^^^^^\r\n  File "D:\\python\\python311\\Lib\\urllib\\request.py", line 634, in http_response\r\n    response = self.parent.error(\r\n               ^^^^^^^^^^^^^^^^^^\r\n  File "D:\\python\\python311\\Lib\\urllib\\request.py", line 563, in error\r\n    return self._call_chain(*args)\r\n           ^^^^^^^^^^^^^^^^^^^^^^^\r\n  File "D:\\python\\python311\\Lib\\urllib\\request.py", line 496, in _call_chain\r\n    result = func(*args)\r\n             ^^^^^^^^^^^\r\n  File "D:\\python\\python311\\Lib\\urllib\\request.py", line 643, in http_error_default\r\n    raise HTTPError(req.full_url, code, msg, hdrs, fp)\r\nurllib.error.HTTPError: HTTP Error 403: Forbidden\r\n\n   [WARNING] AST parsing failed: Invalid compilation: \n\nSolidity version not found:\nSTDOUT:\n\nSTDERR:\nTraceback (most recent call last):\r\n  File "<frozen runpy>", line 198, in _run_module_as_main\r\n  File "<frozen runpy>", line 88, in _run_code\r\n  File "D:\\python\\python311\\Scripts\\solc.EXE\\__main__.py", line 6, in <module>\r\n  File "D:\\python\\python311\\Lib\\site-packages\\solc_select\\__main__.py", line 92, in solc\r\n    switch_global_version(version="latest", always_install=True, silent=True)\r\n  File "D:\\python\\python311\\Lib\\site-packages\\solc_select\\solc_select.py", line 207, in switch_global_version\r\n    ver
[...]
on\\python311\\Lib\\urllib\\request.py", line 643, in http_error_default\r\n    raise HTTPError(req.full_url, code, msg, hdrs, fp)\r\nurllib.error.HTTPError: HTTP Error 403: Forbidden\r\n\n   [WARNING] Slither analysis failed: Invalid compilation: \n\nSolidity version not found:\nSTDOUT:\n\nSTDERR:\nTraceback (most recent call last):\r\n  File "<frozen runpy>", line 198, in _run_module_as_main\r\n  File "<frozen runpy>", line 88, in _run_code\r\n  File "D:\\python\\python311\\Scripts\\solc.EXE\\__main__.py", line 6, in <module>\r\n  File "D:\\python\\python311\\Lib\\site-packages\\solc_select\\__main__.py", line 92, in solc\r\n    switch_global_version(version="latest", always_install=True, silent=True)\r\n  File "D:\\python\\python311\\Lib\\site-packages\\solc_select\\solc_select.py", line 207, in switch_global_version\r\n    version = get_latest_release()\r\n              ^^^^^^^^^^^^^^^^^^^^\r\n  File "D:\\python\\python311\\Lib\\site-packages\\solc_select\\solc_select.py", line 289, in get_latest_release\r\n    list_json = urllib.request.urlopen(list_url).read()\r\n                ^^^^^^^^^^^^^^^^^^^^^^^^^^^^^^^^\r\n  File "D:\\python\\python311\\Lib\\urllib\\request.py", line 216, in urlopen\r\n    return opener.open(url, data, timeout)\r\n           ^^^^^^^^^^^^^^^^^^^^^^^^^^^^^^^\r\n  File "D:\\python\\python311\\Lib\\urllib\\request.py", line 525, in open\r\n    response = meth(req, response)\r\n               ^^^^^^^^^^^^^^^^^^^\r\n  File "D:\\python\\python311\\Lib\\urllib\\request.py", line 634, in http_response\r\n    response = self.parent.error(\r\n               ^^^^^^^^^^^^^^^^^^\r\n  File "D:\\python\\python311\\Lib\\urllib\\request.py", line 563, in error\r\n    return self._call_chain(*args)\r\n           ^^^^^^^^^^^^^^^^^^^^^^^\r\n  File "D:\\python\\python311\\Lib\\urllib\\request.py", line 496, in _call_chain\r\n    result = func(*args)\r\n             ^^^^^^^^^^^\r\n  File "D:\\python\\python311\\Lib\\urllib\\request.py", line 643, in http_error_default\r\n    raise HTTPError(req.full_url, code, msg, hdrs, fp)\r\nurllib.error.HTTPError: HTTP Error 403: Forbidden\r\n\n   [OK] Slither found 0 issues\n\u274c Error parsing contract: Invalid compilation: \n\nSolidity version not found:\nSTDOUT:\n\nSTDERR:\nTraceback (most recent call last):\r\n  File "<frozen runpy>", line 198, in _run_module_as_main\r\n  File "<frozen runpy>", line 88, in _run_code\r\n  File "D:\\python\\python311\\Scripts\\solc.EXE\\__main__.py", line 6, in <module>\r\n  File "D:\\python\\python311\\Lib\\site-packages\\solc_select\\__main__.py", line 92, in solc\r\n    switch_global_version(version="latest", always_install=True, silent=True)\r\n  File "D:\\python\\python311\\Lib\\site-packages\\solc_select\\solc_select.py", line 207, in switch_global_version\r\n    version = get_latest_release()\r\n              ^^^^^^^^^^^^^^^^^^^^\r\n  File "D:\\python\\python311\\Lib\\site-packages\\solc_select\\solc_select.py", line 289, in get_latest_release\r\n    list_json = urllib.request.urlopen(list_url).read()\r\n                ^^^^^^^^^^^^^^^^^^^^^^^^^^^^^^^^\r\n  File "D:\\python\\python311\\Lib\\urllib\\request.py", line 216, in urlopen\r\n    return opener.open(url, data, timeout)\r\n           ^^^^^^^^^^^^^^^^^^^^^^^^^^^^^^^\r\n  File "D:\\python\\python311\\Lib\\urllib\\request.py", line 525, in open\r\n    response = meth(req, response)\r\n               ^^^^^^^^^^^^^^^^^^^\r\n  File "D:\\python\\python311\\Lib\\urllib\\request.py", line 634, in http_response\r\n    response = self.parent.error(\r\n               ^^^^^^^^^^^^^^^^^^\r\n  File "D:\\python\\python311\\Lib\\urllib\\request.py", line 563, in error\r\n    return self._call_chain(*args)\r\n           ^^^^^^^^^^^^^^^^^^^^^^^\r\n  File "D:\\python\\python311\\Lib\\urllib\\request.py", line 496, in _call_chain\r\n    result = func(*args)\r\n             ^^^^^^^^^^^\r\n  File "D:\\python\\python311\\Lib\\urllib\\request.py", line 643, in http_error_default\r\n    raise HTTPError(req.full_url, code, msg, hdrs, fp)\r\nurllib.error.HTTPError: HTTP Error 403: Forbidden\r\n\n   [WARNING] AST parsing failed: Invalid compilation: \n\nSolidity version not found:\nSTDOUT:\n\nSTDERR:\nTraceback (most recent call last):\r\n  File "<frozen runpy>", line 198, in _run_module_as_main\r\n  File "<frozen runpy>", line 88, in _run_code\r\n  File "D:\\python\\python311\\Scripts\\solc.EXE\\__main__.py", line 6, in <module>\r\n  File "D:\\python\\python311\\Lib\\site-packages\\solc_select\\__main__.py", line 92, in solc\r\n    switch_global_version(version="latest", always_install=True, silent=True)\r\n  File "D:\\python\\python311\\Lib\\site-packages\\solc_select\\solc_select.py", line 207, in switch_global_version\r\n    version = get_latest_release()\r\n              ^^^^^^^^^^^^^^^^^^^^\r\n  File "D:\\python\\python311\\Lib\\site-packages\\solc_select\\solc_select.py", line 289, in get_latest_release\r\n    list_json = urllib.request.urlopen(list_url).read()\r\n                ^^^^^^^^^^^^^^^^^^^^^^^^^^^^^^^^\r\n  File "D:\\python\\python311\\Lib\\urllib\\request.py", line 216, in urlopen\r\n    return opener.open(url, data, timeout)\r\n           ^^^^^^^^^^^^^^^^^^^^^^^^^^^^^^^\r\n  File "D:\\python\\python311\\Lib\\urllib\\request.py", line 525, in open\r\n    response = meth(req, response)\r\n               ^^^^^^^^^^^^^^^^^^^\r\n  File "D:\\python\\python311\\Lib\\urllib\\request.py", line 634, in http_response\r\n    response = self.parent.error(\r\n               ^^^^^^^^^^^^^^^^^^\r\n  File "D:\\python\\python311\\Lib\\urllib\\request.py", line 563, in error\r\n    return self._call_chain(*args)\r\n           ^^^^^^^^^^^^^^^^^^^^^^^\r\n  File "D:\\python\\python311\\Lib\\urllib\\request.py", line 496, in _call_chain\r\n    result = func(*args)\r\n             ^^^^^^^^^^^\r\n  File "D:\\python\\python311\\Lib\\urllib\\request.py", line 643, in http_error_default\r\n    raise HTTPError(req.full_url, code, msg, hdrs, fp)\r\nurllib.error.HTTPError: HTTP Error 403: Forbidden\r\n\n   [OK] Rules found 0 issues\n   [OK] Total unique findings: 0\n[DONE] Analysis complete: No vulnerabilities found - SAFE [OK]
---------------------------- Captured stderr call -----------------------------
2026-03-04 01:51:57,230 | INFO | blockscope.requests | POST /api/v1/scan/file - Status: 200 - IP: unknown - Duration: 1.519s
------------------------------ Captured log call ------------------------------
INFO     blockscope.requests:security.py:400 POST /api/v1/scan/file - Status: 200 - IP: unknown - Duration: 1.519s
____________________________ test_response_format _____________________________
backend\tests\test_api\test_scan_endpoint.py:171: in test_response_format
    assert required_keys.issubset(data.keys())
E   AssertionError: assert False
E    +  where False = <built-in method issubset of set object at 0x00000201375E5EE0>(dict_keys(['scan_id', 'contract_name', 'vulnerabilities_count', 'severity_breakdown', 'overall_score', 'summary', 'findings', 'timestamp']))
E    +    where <built-in method issubset of set object at 0x00000201375E5EE0> = {'contract_name', 'overall_score', 'scan_id', 'scan_timestamp', 'severity_breakdown', 'summary', ...}.issubset
E    +    and   dict_keys(['scan_id', 'contract_name', 'vulnerabilities_count', 'severity_breakdown', 'overall_score', 'summary', 'findings', 'timestamp']) = <built-in method keys of dict object at 0x0000020137C80200>()
E    +      where <built-in method keys of dict object at 0x0000020137C80200> = {'contract_name': 'test', 'findings': [], 'overall_score': 100, 'scan_id': 16, ...}.keys
---------------------------- Captured stdout call -----------------------------
[SCAN] Starting analysis for: test.sol\n\u274c Error parsing contract: Invalid compilation: \n\nSolidity version not found:\nSTDOUT:\n\nSTDERR:\nTraceback (most recent call last):\r\n  File "<frozen runpy>", line 198, in _run_module_as_main\r\n  File "<frozen runpy>", line 88, in _run_code\r\n  File "D:\\python\\python311\\Scripts\\solc.EXE\\__main__.py", line 6, in <module>\r\n  File "D:\\python\\python311\\Lib\\site-packages\\solc_select\\__main__.py", line 92, in solc\r\n    switch_global_version(version="latest", always_install=True, silent=True)\r\n  File "D:\\python\\python311\\Lib\\site-packages\\solc_select\\solc_select.py", line 207, in switch_global_version\r\n    version = get_latest_release()\r\n              ^^^^^^^^^^^^^^^^^^^^\r\n  File "D:\\python\\python311\\Lib\\site-packages\\solc_select\\solc_select.py", line 289, in get_latest_release\r\n    list_json = urllib.request.urlopen(list_url).read()\r\n                ^^^^^^^^^^^^^^^^^^^^^^^^^^^^^^^^\r\n  File "D:\\python\\python311\\Lib\\urllib\\request.py", line 216, in urlopen\r\n    return opener.open(url, data, timeout)\r\n           ^^^^^^^^^^^^^^^^^^^^^^^^^^^^^^^\r\n  File "D:\\python\\python311\\Lib\\urllib\\request.py", line 525, in open\r\n    response = meth(req, response)\r\n               ^^^^^^^^^^^^^^^^^^^\r\n  File "D:\\python\\python311\\Lib\\urllib\\request.py", line 634, in http_response\r\n    response = self.parent.error(\r\n               ^^^^^^^^^^^^^^^^^^\r\n  File "D:\\python\\python311\\Lib\\urllib\\request.py", line 563, in error\r\n    return self._call_chain(*args)\r\n           ^^^^^^^^^^^^^^^^^^^^^^^\r\n  File "D:\\python\\python311\\Lib\\urllib\\request.py", line 496, in _call_chain\r\n    result = func(*args)\r\n             ^^^^^^^^^^^\r\n  File "D:\\python\\python311\\Lib\\urllib\\request.py", line 643, in http_error_default\r\n    raise HTTPError(req.full_url, code, msg, hdrs, fp)\r\nurllib.error.HTTPError: HTTP Error 403: Forbidden\r\n\n   [WARNING] Slither analysis failed: Invalid compilation: \n\nSolidity version not found:\nSTDOUT:\n\nSTDERR:\nTraceback (most recent call last):\r\n  File "<frozen runpy>", line 198, in _run_module_as_main\r\n  File "<frozen runpy>", line 88, in _run_code\r\n  File "D:\\python\\python311\\Scripts\\solc.EXE\\__main__.py", line 6, in <module>\r\n  File "D:\\python\\python311\\Lib\\site-packages\\solc_select\\__main__.py", line 92, in solc\r\n    switch_global_version(version="latest", always_install=True, silent=True)\r\n  File "D:\\python\\python311\\Lib\\site-packages\\solc_select\\solc_select.py", line 207, in switch_global_version\r\n    version = get_latest_release()\r\n              ^^^^^^^^^^^^^^^^^^^^\r\n  File "D:\\python\\python311\\Lib\\site-packages\\solc_select\\solc_select.py", line 289, in get_latest_release\r\n    list_json = urllib.request.urlopen(list_url).read()\r\n                ^^^^^^^^^^^^^^^^^^^^^^^^^^^^^^^^\r\n  File "D:\\python\\python311\\Lib\\urllib\\request.py", line 216, in urlopen\r\n    return opener.open(url, data, timeout)\r\n           ^^^^^^^^^^^^^^^^^^^^^^^^^^^^^^^\r\n  File "D:\\python\\python311\\Lib\\urllib\\request.py", line 525, in open\r\n    response = meth(req, response)\r\n               ^^^^^^^^^^^^^^^^^^^\r\n  File "D:\\python\\python311\\Lib\\urllib\\request.py", line 634, in http_response\r\n    response = self.parent.error(\r\n               ^^^^^^^^^^^^^^^^^^\r\n  File "D:\\python\\python311\\Lib\\urllib\\request.py", line 563, in error\r\n    return self._call_chain(*args)\r\n           ^^^^^^^^^^^^^^^^^^^^^^^\r\n  File "D:\\python\\python311\\Lib\\urllib\\request.py", line 496, in _call_chain\r\n    result = func(*args)\r\n             ^^^^^^^^^^^\r\n  File "D:\\python\\python311\\Lib\\urllib\\request.py", line 643, in http_error_default\r\n    raise HTTPError(req.full_url, code, msg, hdrs, fp)\r\nurllib.error.HTTPError: HTTP Error 403: Forbidden\r\n\n   [OK] Slither found 0 issues\n\u274c Error parsing contract: Invalid compilation: \n\nSolidity version not found:\nSTDOUT:\n\nSTDERR:\nTraceback (most recent call last):\r\n  File "<frozen runpy>", line 198, in _run_module_as_main\r\n  File "<frozen runpy>", line 88, in _run_code\r\n  File "D:\\python\\python311\\Scripts\\solc.EXE\\__main__.py", line 6, in <module>\r\n  File "D:\\python\\python311\\Lib\\site-packages\\solc_select\\__main__.py", line 92, in solc\r\n    switch_global_version(version="latest", always_install=True, silent=True)\r\n  File "D:\\python\\python311\\Lib\\site-packages\\solc_select\\solc_select.py", line 207, in switch_global_version\r\n    version = get_latest_release()\r\n              ^^^^^^^^^^^^^^^^^^^^\r\n  File "D:\\python\\python311\\Lib\\site-packages\\solc_select\\solc_select.py", line 289, in get_latest_release\r\n    list_json = urllib.request.urlopen(list_url).read()\r\n                ^^^^^^^^^^^^^^^^^^^^^^^^^^^^^^^^\r\n  File "D:\\python\\python311\\Lib\\urllib\\request.py", line 216, in urlopen\r\n    return opener.open(url, data, timeout)\r\n           ^^^^^^^^^^^^^^^^^^^^^^^^^^^^^^^\r\n  File "D:\\python\\python311\\Lib\\urllib\\request.py", line 525, in open\r\n    response = meth(req, response)\r\n               ^^^^^^^^^^^^^^^^^^^\r\n  File "D:\\python\\python311\\Lib\\urllib\\request.py", line 634, in http_response\r\n    response = self.parent.error(\r\n               ^^^^^^^^^^^^^^^^^^\r\n  File "D:\\python\\python311\\Lib\\urllib\\request.py", line 563, in error\r\n    return self._call_chain(*args)\r\n           ^^^^^^^^^^^^^^^^^^^^^^^\r\n  File "D:\\python\\python311\\Lib\\urllib\\request.py", line 496, in _call_chain\r\n    result = func(*args)\r\n             ^^^^^^^^^^^\r\n  File "D:\\python\\python311\\Lib\\urllib\\request.py", line 643, in http_error_default\r\n    raise HTTPError(req.full_url, code, msg, hdrs, fp)\r\nurllib.error.HTTPError: HTTP Error 403: Forbidden\r\n\n   [WARNING] AST parsing failed: Invalid compilation: \n\nSolidity version not found:\nSTDOUT:\n\nSTDERR:\nTraceback (most recent call last):\r\n  File "<frozen runpy>", line 198, in _run_module_as_main\r\n  File "<frozen runpy>", line 88, in _run_code\r\n  File "D:\\python\\python311\\Scripts\\solc.EXE\\__main__.py", line 6, in <module>\r\n  File "D:\\python\\python311\\Lib\\site-packages\\solc_select\\__main__.py", line 92, in solc\r\n    switch_global_version(version="latest", always_install=True, silent=True)\r\n  File "D:\\python\\python311\\Lib\\site-packages\\solc_select\\solc_select.py", line 207, in switch_global_version\r\n    version = get_latest_release()\r\n              ^^^^^^^^^^^^^^^^^^^^\r\n  File "D:\\python\\python311\\Lib\\site-packages\\solc_select\\solc_select.py", line 289, in get_latest_release\r\n    list_json = urllib.request.urlopen(list_url).read()\r\n                ^^^^^^^^^^^^^^^^^^^^^^^^^^^^^^^^\r\n  File "D:\\python\\python311\\Lib\\urllib\\request.py", line 216, in urlopen\r\n    return opener.open(url, data, timeout)\r\n           ^^^^^^^^^^^^^^^^^^^^^^^^^^^^^^^\r\n  File "D:\\python\\python311\\Lib\\urllib\\request.py", line 525, in open\r\n    response = meth(req, response)\r\n               ^^^^^^^^^^^^^^^^^^^\r\n  File "D:\\python\\python311\\Lib\\urllib\\request.py", line 634, in http_response\r\n    response = self.parent.error(\r\n               ^^^^^^^^^^^^^^^^^^\r\n  File "D:\\python\\python311\\Lib\\urllib\\request.py", line 563, in error\r\n    return self._call_chain(*args)\r\n           ^^^^^^^^^^^^^^^^^^^^^^^\r\n  File "D:\\python\\python311\\Lib\\urllib\\request.py", line 496, in _call_chain\r\n    result = func(*args)\r\n             ^^^^^^^^^^^\r\n  File "D:\\python\\python311\\Lib\\urllib\\request.py", line 643, in http_error_default\r\n    raise HTTPError(req.full_url, code, msg, hdrs, fp)\r\nurllib.error.HTTPError: HTTP Error 403: Forbidden\r\n\n   [OK] Rules found 0 issues\n   [OK] Total unique findings: 0\n[DONE] Analysis complete: No vulnerabilities found - SAFE [OK]
---------------------------- Captured stderr call -----------------------------
2026-03-04 01:51:58,766 | INFO | blockscope.requests | POST /api/v1/scan/file - Status: 200 - IP: unknown - Duration: 1.511s
------------------------------ Captured log call ------------------------------
INFO     blockscope.requests:security.py:400 POST /api/v1/scan/file - Status: 200 - IP: unknown - Duration: 1.511s
============================== warnings summary ===============================
D:\python\python311\Lib\site-packages\slither\utils\output.py:10
  D:\python\python311\Lib\site-packages\slither\utils\output.py:10: UserWarning: pkg_resources is deprecated as an API. See https://setuptools.pypa.io/en/latest/pkg_resources.html. The pkg_resources package is slated for removal as early as 2025-11-30. Refrain from using this package or pin to Setuptools<81.
    from pkg_resources import require

-- Docs: https://docs.pytest.org/en/stable/how-to/capture-warnings.html

---------- coverage: platform win32, python 3.11.9-final-0 -----------
Name                                 Stmts   Miss   Cover   Missing
-------------------------------------------------------------------
backend\app\__init__.py                  0      0 100.00%
backend\app\core\__init__.py             0      0 100.00%
backend\app\core\auth.py                97     54  44.33%   85-96, 109, 146-171, 189-218, 232-241, 258-266, 291-308, 328, 344-363
backend\app\core\config.py             225     42  81.33%   36, 44, 69, 71, 109, 117, 143, 150, 187, 196, 236-237, 337, 352, 357, 361, 367-372, 391-398, 418, 423-441
backend\app\core\database.py            29      8  72.41%   88-94, 104
backend\app\core\logger.py              18      0 100.00%
backend\app\core\rate_limit.py         120     83  30.83%   32, 44-46, 51-53, 69-70, 83, 101-179, 191-207, 219-225, 238-240, 254-270, 283-291, 309-355
backend\app\core\security.py           150     41  72.67%   60, 69, 101, 105, 109, 113, 135-136, 155, 176, 181-182, 194, 198-199, 219, 224, 229, 254-270, 284-292, 316-317, 344-347, 361, 389, 409-420
backend\app\main.py                    111     53  52.25%   73-75, 80-86, 94-95, 107-112, 142-149, 153-162, 187-188, 218-220, 224-230, 243, 268-290, 302, 310-333
backend\app\models\__init__.py           3      0 100.00%
backend\app\models\base.py               2      0 100.00%
backend\app\models\finding.py           18      0 100.00%
backend\app\models\scan.py              30      0 100.00%
backend\app\routers\__init__.py          0      0 100.00%
backend\app\routers\scan.py            136     61  55.15%   56, 62, 87-168, 205-206, 267-271, 291, 309-315, 332, 351-355, 372-394
backend\app\schemas\__init__.py          0      0 100.00%
backend\app\schemas\scan_schema.py      20      0 100.00%
-------------------------------------------------------------------
TOTAL                                  959    342  64.34%
Coverage XML written to file coverage.xml

=========================== short test summary info ===========================
FAILED backend/tests/test_models.py::test_vulnerability_model - sqlalchemy.ex...
FAILED backend/tests/integration/test_database_integration.py::test_scan_persisted_and_retrievable
FAILED backend/tests/integration/test_error_recovery.py::test_malformed_contract_recovery
FAILED backend/tests/integration/test_full_scan_flow.py::test_full_scan_flow[clean-Clean.sol-\n        pragma solidity ^0.8.0;\n        contract Clean {\n            uint256 public x;\n        }\n        -200]
FAILED backend/tests/integration/test_full_scan_flow.py::test_full_scan_flow[broken-Broken.sol-\n        pragma solidity ^0.8.0;\n        contract Broken {\n            uint256 public x\n        -200]
FAILED backend/tests/integration/test_full_scan_flow.py::test_full_scan_flow[empty-Empty.sol--400]
FAILED backend/tests/integration/test_full_scan_flow.py::test_full_scan_flow[large-Large.sol-None-200]
FAILED backend/tests/integration/test_slither_integration.py::test_slither_execution_path
FAILED backend/tests/test_api/test_scan_endpoint.py::test_scan_endpoint_validation_error
FAILED backend/tests/test_api/test_scan_endpoint.py::test_empty_file - assert...
FAILED backend/tests/test_api/test_scan_endpoint.py::test_response_format - A...
ERROR backend/tests/test_api/test_scan_endpoint.py::test_concurrent_scans - P...
============= 11 failed, 59 passed, 1 warning, 1 error in 57.95s ==============
